2023-11-27 15:01:14,871 INFO [restartedMain] c.n.c.CommunityApplication [StartupInfoLogger.java:51] Starting CommunityApplication using Java 17.0.9 with PID 11740 (D:\JetBrains\IntelliJ IDEA 2022.1.4\workspace\community\target\classes started by lenovo in D:\JetBrains\IntelliJ IDEA 2022.1.4\workspace\community)
2023-11-27 15:01:14,881 INFO [restartedMain] c.n.c.CommunityApplication [SpringApplication.java:638] No active profile set, falling back to 1 default profile: "default"
2023-11-27 15:01:14,974 INFO [restartedMain] o.s.b.d.e.DevToolsPropertyDefaultsPostProcessor [DeferredLog.java:250] Devtools property defaults active! Set 'spring.devtools.add-properties' to 'false' to disable
2023-11-27 15:01:14,975 INFO [restartedMain] o.s.b.d.e.DevToolsPropertyDefaultsPostProcessor [DeferredLog.java:250] For additional web related logging consider setting the 'logging.level.web' property to 'DEBUG'
2023-11-27 15:01:16,347 INFO [restartedMain] o.s.b.w.e.t.TomcatWebServer [TomcatWebServer.java:108] Tomcat initialized with port(s): 8080 (http)
2023-11-27 15:01:16,356 INFO [restartedMain] o.a.c.h.Http11NioProtocol [DirectJDKLog.java:173] Initializing ProtocolHandler ["http-nio-8080"]
2023-11-27 15:01:16,358 INFO [restartedMain] o.a.c.c.StandardService [DirectJDKLog.java:173] Starting service [Tomcat]
2023-11-27 15:01:16,358 INFO [restartedMain] o.a.c.c.StandardEngine [DirectJDKLog.java:173] Starting Servlet engine: [Apache Tomcat/10.1.15]
2023-11-27 15:01:16,455 INFO [restartedMain] o.a.c.c.C.[.[.[/community] [DirectJDKLog.java:173] Initializing Spring embedded WebApplicationContext
2023-11-27 15:01:16,455 INFO [restartedMain] o.s.b.w.s.c.ServletWebServerApplicationContext [ServletWebServerApplicationContext.java:291] Root WebApplicationContext: initialization completed in 1477 ms
2023-11-27 15:01:16,999 INFO [restartedMain] o.s.b.a.w.s.WelcomePageHandlerMapping [WelcomePageHandlerMapping.java:59] Adding welcome page template: index
2023-11-27 15:01:17,184 INFO [restartedMain] o.s.b.d.a.OptionalLiveReloadServer [OptionalLiveReloadServer.java:59] LiveReload server is running on port 35729
2023-11-27 15:01:17,198 INFO [restartedMain] o.a.c.h.Http11NioProtocol [DirectJDKLog.java:173] Starting ProtocolHandler ["http-nio-8080"]
2023-11-27 15:01:17,221 INFO [restartedMain] o.s.b.w.e.t.TomcatWebServer [TomcatWebServer.java:220] Tomcat started on port(s): 8080 (http) with context path '/community'
2023-11-27 15:01:17,233 INFO [restartedMain] c.n.c.CommunityApplication [StartupInfoLogger.java:57] Started CommunityApplication in 3.028 seconds (process running for 4.043)
2023-11-27 15:01:53,426 INFO [http-nio-8080-exec-1] o.a.c.c.C.[.[.[/community] [DirectJDKLog.java:173] Initializing Spring DispatcherServlet 'dispatcherServlet'
2023-11-27 15:01:53,427 INFO [http-nio-8080-exec-1] o.s.w.s.DispatcherServlet [FrameworkServlet.java:532] Initializing Servlet 'dispatcherServlet'
2023-11-27 15:01:53,429 INFO [http-nio-8080-exec-1] o.s.w.s.DispatcherServlet [FrameworkServlet.java:554] Completed initialization in 1 ms
2023-11-27 15:10:31,228 INFO [restartedMain] c.n.c.CommunityApplication [StartupInfoLogger.java:51] Starting CommunityApplication using Java 17.0.9 with PID 10284 (D:\JetBrains\IntelliJ IDEA 2022.1.4\workspace\community\target\classes started by lenovo in D:\JetBrains\IntelliJ IDEA 2022.1.4\workspace\community)
2023-11-27 15:10:31,232 INFO [restartedMain] c.n.c.CommunityApplication [SpringApplication.java:638] No active profile set, falling back to 1 default profile: "default"
2023-11-27 15:10:31,326 INFO [restartedMain] o.s.b.d.e.DevToolsPropertyDefaultsPostProcessor [DeferredLog.java:250] Devtools property defaults active! Set 'spring.devtools.add-properties' to 'false' to disable
2023-11-27 15:10:31,327 INFO [restartedMain] o.s.b.d.e.DevToolsPropertyDefaultsPostProcessor [DeferredLog.java:250] For additional web related logging consider setting the 'logging.level.web' property to 'DEBUG'
2023-11-27 15:10:32,594 INFO [restartedMain] o.s.b.w.e.t.TomcatWebServer [TomcatWebServer.java:108] Tomcat initialized with port(s): 8080 (http)
2023-11-27 15:10:32,603 INFO [restartedMain] o.a.c.h.Http11NioProtocol [DirectJDKLog.java:173] Initializing ProtocolHandler ["http-nio-8080"]
2023-11-27 15:10:32,604 INFO [restartedMain] o.a.c.c.StandardService [DirectJDKLog.java:173] Starting service [Tomcat]
2023-11-27 15:10:32,604 INFO [restartedMain] o.a.c.c.StandardEngine [DirectJDKLog.java:173] Starting Servlet engine: [Apache Tomcat/10.1.15]
2023-11-27 15:10:32,687 INFO [restartedMain] o.a.c.c.C.[.[.[/community] [DirectJDKLog.java:173] Initializing Spring embedded WebApplicationContext
2023-11-27 15:10:32,688 INFO [restartedMain] o.s.b.w.s.c.ServletWebServerApplicationContext [ServletWebServerApplicationContext.java:291] Root WebApplicationContext: initialization completed in 1359 ms
2023-11-27 15:10:33,172 INFO [restartedMain] o.s.b.a.w.s.WelcomePageHandlerMapping [WelcomePageHandlerMapping.java:59] Adding welcome page template: index
2023-11-27 15:10:33,333 INFO [restartedMain] o.s.b.d.a.OptionalLiveReloadServer [OptionalLiveReloadServer.java:59] LiveReload server is running on port 35729
2023-11-27 15:10:33,351 INFO [restartedMain] o.a.c.h.Http11NioProtocol [DirectJDKLog.java:173] Starting ProtocolHandler ["http-nio-8080"]
2023-11-27 15:10:33,373 INFO [restartedMain] o.s.b.w.e.t.TomcatWebServer [TomcatWebServer.java:220] Tomcat started on port(s): 8080 (http) with context path '/community'
2023-11-27 15:10:33,384 INFO [restartedMain] c.n.c.CommunityApplication [StartupInfoLogger.java:57] Started CommunityApplication in 2.878 seconds (process running for 4.399)
2023-11-27 15:10:46,836 INFO [http-nio-8080-exec-1] o.a.c.c.C.[.[.[/community] [DirectJDKLog.java:173] Initializing Spring DispatcherServlet 'dispatcherServlet'
2023-11-27 15:10:46,837 INFO [http-nio-8080-exec-1] o.s.w.s.DispatcherServlet [FrameworkServlet.java:532] Initializing Servlet 'dispatcherServlet'
2023-11-27 15:10:46,839 INFO [http-nio-8080-exec-1] o.s.w.s.DispatcherServlet [FrameworkServlet.java:554] Completed initialization in 1 ms
2023-11-27 15:13:19,610 INFO [restartedMain] c.n.c.CommunityApplication [StartupInfoLogger.java:51] Starting CommunityApplication using Java 17.0.9 with PID 15184 (D:\JetBrains\IntelliJ IDEA 2022.1.4\workspace\community\target\classes started by lenovo in D:\JetBrains\IntelliJ IDEA 2022.1.4\workspace\community)
2023-11-27 15:13:19,618 INFO [restartedMain] c.n.c.CommunityApplication [SpringApplication.java:638] No active profile set, falling back to 1 default profile: "default"
2023-11-27 15:13:19,704 INFO [restartedMain] o.s.b.d.e.DevToolsPropertyDefaultsPostProcessor [DeferredLog.java:250] Devtools property defaults active! Set 'spring.devtools.add-properties' to 'false' to disable
2023-11-27 15:13:19,705 INFO [restartedMain] o.s.b.d.e.DevToolsPropertyDefaultsPostProcessor [DeferredLog.java:250] For additional web related logging consider setting the 'logging.level.web' property to 'DEBUG'
2023-11-27 15:13:20,958 INFO [restartedMain] o.s.b.w.e.t.TomcatWebServer [TomcatWebServer.java:108] Tomcat initialized with port(s): 8080 (http)
2023-11-27 15:13:20,964 INFO [restartedMain] o.a.c.h.Http11NioProtocol [DirectJDKLog.java:173] Initializing ProtocolHandler ["http-nio-8080"]
2023-11-27 15:13:20,966 INFO [restartedMain] o.a.c.c.StandardService [DirectJDKLog.java:173] Starting service [Tomcat]
2023-11-27 15:13:20,966 INFO [restartedMain] o.a.c.c.StandardEngine [DirectJDKLog.java:173] Starting Servlet engine: [Apache Tomcat/10.1.15]
2023-11-27 15:13:21,053 INFO [restartedMain] o.a.c.c.C.[.[.[/community] [DirectJDKLog.java:173] Initializing Spring embedded WebApplicationContext
2023-11-27 15:13:21,054 INFO [restartedMain] o.s.b.w.s.c.ServletWebServerApplicationContext [ServletWebServerApplicationContext.java:291] Root WebApplicationContext: initialization completed in 1346 ms
2023-11-27 15:13:21,537 INFO [restartedMain] o.s.b.a.w.s.WelcomePageHandlerMapping [WelcomePageHandlerMapping.java:59] Adding welcome page template: index
2023-11-27 15:13:21,711 INFO [restartedMain] o.s.b.d.a.OptionalLiveReloadServer [OptionalLiveReloadServer.java:59] LiveReload server is running on port 35729
2023-11-27 15:13:21,728 INFO [restartedMain] o.a.c.h.Http11NioProtocol [DirectJDKLog.java:173] Starting ProtocolHandler ["http-nio-8080"]
2023-11-27 15:13:21,751 INFO [restartedMain] o.s.b.w.e.t.TomcatWebServer [TomcatWebServer.java:220] Tomcat started on port(s): 8080 (http) with context path '/community'
2023-11-27 15:13:21,764 INFO [restartedMain] c.n.c.CommunityApplication [StartupInfoLogger.java:57] Started CommunityApplication in 2.873 seconds (process running for 4.025)
2023-11-27 15:13:31,590 INFO [http-nio-8080-exec-1] o.a.c.c.C.[.[.[/community] [DirectJDKLog.java:173] Initializing Spring DispatcherServlet 'dispatcherServlet'
2023-11-27 15:13:31,590 INFO [http-nio-8080-exec-1] o.s.w.s.DispatcherServlet [FrameworkServlet.java:532] Initializing Servlet 'dispatcherServlet'
2023-11-27 15:13:31,591 INFO [http-nio-8080-exec-1] o.s.w.s.DispatcherServlet [FrameworkServlet.java:554] Completed initialization in 1 ms
2023-11-27 15:52:35,251 INFO [restartedMain] c.n.c.CommunityApplication [StartupInfoLogger.java:51] Starting CommunityApplication using Java 17.0.9 with PID 19216 (D:\JetBrains\IntelliJ IDEA 2022.1.4\workspace\community\target\classes started by lenovo in D:\JetBrains\IntelliJ IDEA 2022.1.4\workspace\community)
2023-11-27 15:52:35,256 INFO [restartedMain] c.n.c.CommunityApplication [SpringApplication.java:638] No active profile set, falling back to 1 default profile: "default"
2023-11-27 15:52:35,342 INFO [restartedMain] o.s.b.d.e.DevToolsPropertyDefaultsPostProcessor [DeferredLog.java:250] Devtools property defaults active! Set 'spring.devtools.add-properties' to 'false' to disable
2023-11-27 15:52:35,342 INFO [restartedMain] o.s.b.d.e.DevToolsPropertyDefaultsPostProcessor [DeferredLog.java:250] For additional web related logging consider setting the 'logging.level.web' property to 'DEBUG'
2023-11-27 15:52:36,689 INFO [restartedMain] o.s.b.w.e.t.TomcatWebServer [TomcatWebServer.java:108] Tomcat initialized with port(s): 8080 (http)
2023-11-27 15:52:36,698 INFO [restartedMain] o.a.c.h.Http11NioProtocol [DirectJDKLog.java:173] Initializing ProtocolHandler ["http-nio-8080"]
2023-11-27 15:52:36,700 INFO [restartedMain] o.a.c.c.StandardService [DirectJDKLog.java:173] Starting service [Tomcat]
2023-11-27 15:52:36,700 INFO [restartedMain] o.a.c.c.StandardEngine [DirectJDKLog.java:173] Starting Servlet engine: [Apache Tomcat/10.1.15]
2023-11-27 15:52:36,791 INFO [restartedMain] o.a.c.c.C.[.[.[/community] [DirectJDKLog.java:173] Initializing Spring embedded WebApplicationContext
2023-11-27 15:52:36,791 INFO [restartedMain] o.s.b.w.s.c.ServletWebServerApplicationContext [ServletWebServerApplicationContext.java:291] Root WebApplicationContext: initialization completed in 1445 ms
2023-11-27 15:52:37,298 INFO [restartedMain] o.s.b.a.w.s.WelcomePageHandlerMapping [WelcomePageHandlerMapping.java:59] Adding welcome page template: index
2023-11-27 15:52:37,465 INFO [restartedMain] o.s.b.d.a.OptionalLiveReloadServer [OptionalLiveReloadServer.java:59] LiveReload server is running on port 35729
2023-11-27 15:52:37,482 INFO [restartedMain] o.a.c.h.Http11NioProtocol [DirectJDKLog.java:173] Starting ProtocolHandler ["http-nio-8080"]
2023-11-27 15:52:37,507 INFO [restartedMain] o.s.b.w.e.t.TomcatWebServer [TomcatWebServer.java:220] Tomcat started on port(s): 8080 (http) with context path '/community'
2023-11-27 15:52:37,518 INFO [restartedMain] c.n.c.CommunityApplication [StartupInfoLogger.java:57] Started CommunityApplication in 2.944 seconds (process running for 4.162)
2023-11-27 15:52:37,731 INFO [http-nio-8080-exec-1] o.a.c.c.C.[.[.[/community] [DirectJDKLog.java:173] Initializing Spring DispatcherServlet 'dispatcherServlet'
2023-11-27 15:52:37,731 INFO [http-nio-8080-exec-1] o.s.w.s.DispatcherServlet [FrameworkServlet.java:532] Initializing Servlet 'dispatcherServlet'
2023-11-27 15:52:37,732 INFO [http-nio-8080-exec-1] o.s.w.s.DispatcherServlet [FrameworkServlet.java:554] Completed initialization in 1 ms
2023-11-27 15:57:56,906 INFO [File Watcher] o.s.b.d.a.LocalDevToolsAutoConfiguration$RestartingClassPathChangeChangedEventListener [LocalDevToolsAutoConfiguration.java:211] Restarting due to 1 class path change (0 additions, 1 deletion, 0 modifications)
2023-11-27 15:57:56,946 INFO [Thread-5] o.a.c.h.Http11NioProtocol [DirectJDKLog.java:173] Pausing ProtocolHandler ["http-nio-8080"]
2023-11-27 15:57:56,947 INFO [Thread-5] o.a.c.c.StandardService [DirectJDKLog.java:173] Stopping service [Tomcat]
2023-11-27 15:57:56,948 INFO [Thread-5] o.a.c.c.C.[.[.[/community] [DirectJDKLog.java:173] Destroying Spring FrameworkServlet 'dispatcherServlet'
2023-11-27 15:57:56,957 INFO [Thread-5] o.a.c.h.Http11NioProtocol [DirectJDKLog.java:173] Stopping ProtocolHandler ["http-nio-8080"]
2023-11-27 15:57:56,960 INFO [Thread-5] o.a.c.h.Http11NioProtocol [DirectJDKLog.java:173] Destroying ProtocolHandler ["http-nio-8080"]
2023-11-27 15:57:57,049 INFO [restartedMain] c.n.c.CommunityApplication [StartupInfoLogger.java:51] Starting CommunityApplication using Java 17.0.9 with PID 19216 (D:\JetBrains\IntelliJ IDEA 2022.1.4\workspace\community\target\classes started by lenovo in D:\JetBrains\IntelliJ IDEA 2022.1.4\workspace\community)
2023-11-27 15:57:57,051 INFO [restartedMain] c.n.c.CommunityApplication [SpringApplication.java:638] No active profile set, falling back to 1 default profile: "default"
2023-11-27 15:57:57,399 INFO [restartedMain] o.s.b.w.e.t.TomcatWebServer [TomcatWebServer.java:108] Tomcat initialized with port(s): 8080 (http)
2023-11-27 15:57:57,400 INFO [restartedMain] o.a.c.h.Http11NioProtocol [DirectJDKLog.java:173] Initializing ProtocolHandler ["http-nio-8080"]
2023-11-27 15:57:57,400 INFO [restartedMain] o.a.c.c.StandardService [DirectJDKLog.java:173] Starting service [Tomcat]
2023-11-27 15:57:57,400 INFO [restartedMain] o.a.c.c.StandardEngine [DirectJDKLog.java:173] Starting Servlet engine: [Apache Tomcat/10.1.15]
2023-11-27 15:57:57,439 INFO [restartedMain] o.a.c.c.C.[.[.[/community] [DirectJDKLog.java:173] Initializing Spring embedded WebApplicationContext
2023-11-27 15:57:57,439 INFO [restartedMain] o.s.b.w.s.c.ServletWebServerApplicationContext [ServletWebServerApplicationContext.java:291] Root WebApplicationContext: initialization completed in 384 ms
2023-11-27 15:57:57,630 INFO [restartedMain] o.s.b.a.w.s.WelcomePageHandlerMapping [WelcomePageHandlerMapping.java:59] Adding welcome page template: index
2023-11-27 15:57:57,690 INFO [restartedMain] o.s.b.d.a.OptionalLiveReloadServer [OptionalLiveReloadServer.java:59] LiveReload server is running on port 35729
2023-11-27 15:57:57,699 INFO [restartedMain] o.a.c.h.Http11NioProtocol [DirectJDKLog.java:173] Starting ProtocolHandler ["http-nio-8080"]
2023-11-27 15:57:57,704 INFO [restartedMain] o.s.b.w.e.t.TomcatWebServer [TomcatWebServer.java:220] Tomcat started on port(s): 8080 (http) with context path '/community'
2023-11-27 15:57:57,708 INFO [restartedMain] c.n.c.CommunityApplication [StartupInfoLogger.java:57] Started CommunityApplication in 0.708 seconds (process running for 324.353)
2023-11-27 15:57:57,711 INFO [restartedMain] o.s.b.d.a.ConditionEvaluationDeltaLoggingListener [ConditionEvaluationDeltaLoggingListener.java:63] Condition evaluation unchanged
2023-11-27 15:58:02,256 INFO [File Watcher] o.s.b.d.a.LocalDevToolsAutoConfiguration$RestartingClassPathChangeChangedEventListener [LocalDevToolsAutoConfiguration.java:211] Restarting due to 1 class path change (1 addition, 0 deletions, 0 modifications)
2023-11-27 15:58:02,287 INFO [Thread-7] o.a.c.h.Http11NioProtocol [DirectJDKLog.java:173] Pausing ProtocolHandler ["http-nio-8080"]
2023-11-27 15:58:02,287 INFO [Thread-7] o.a.c.c.StandardService [DirectJDKLog.java:173] Stopping service [Tomcat]
2023-11-27 15:58:02,289 INFO [Thread-7] o.a.c.h.Http11NioProtocol [DirectJDKLog.java:173] Stopping ProtocolHandler ["http-nio-8080"]
2023-11-27 15:58:02,291 INFO [Thread-7] o.a.c.h.Http11NioProtocol [DirectJDKLog.java:173] Destroying ProtocolHandler ["http-nio-8080"]
2023-11-27 15:58:02,399 INFO [restartedMain] c.n.c.CommunityApplication [StartupInfoLogger.java:51] Starting CommunityApplication using Java 17.0.9 with PID 19216 (D:\JetBrains\IntelliJ IDEA 2022.1.4\workspace\community\target\classes started by lenovo in D:\JetBrains\IntelliJ IDEA 2022.1.4\workspace\community)
2023-11-27 15:58:02,400 INFO [restartedMain] c.n.c.CommunityApplication [SpringApplication.java:638] No active profile set, falling back to 1 default profile: "default"
2023-11-27 15:58:02,725 INFO [restartedMain] o.s.b.w.e.t.TomcatWebServer [TomcatWebServer.java:108] Tomcat initialized with port(s): 8080 (http)
2023-11-27 15:58:02,726 INFO [restartedMain] o.a.c.h.Http11NioProtocol [DirectJDKLog.java:173] Initializing ProtocolHandler ["http-nio-8080"]
2023-11-27 15:58:02,727 INFO [restartedMain] o.a.c.c.StandardService [DirectJDKLog.java:173] Starting service [Tomcat]
2023-11-27 15:58:02,727 INFO [restartedMain] o.a.c.c.StandardEngine [DirectJDKLog.java:173] Starting Servlet engine: [Apache Tomcat/10.1.15]
2023-11-27 15:58:02,779 INFO [restartedMain] o.a.c.c.C.[.[.[/community] [DirectJDKLog.java:173] Initializing Spring embedded WebApplicationContext
2023-11-27 15:58:02,779 INFO [restartedMain] o.s.b.w.s.c.ServletWebServerApplicationContext [ServletWebServerApplicationContext.java:291] Root WebApplicationContext: initialization completed in 376 ms
2023-11-27 15:58:02,933 INFO [restartedMain] o.s.b.a.w.s.WelcomePageHandlerMapping [WelcomePageHandlerMapping.java:59] Adding welcome page template: index
2023-11-27 15:58:03,011 INFO [restartedMain] o.s.b.d.a.OptionalLiveReloadServer [OptionalLiveReloadServer.java:59] LiveReload server is running on port 35729
2023-11-27 15:58:03,024 INFO [restartedMain] o.a.c.h.Http11NioProtocol [DirectJDKLog.java:173] Starting ProtocolHandler ["http-nio-8080"]
2023-11-27 15:58:03,031 INFO [restartedMain] o.s.b.w.e.t.TomcatWebServer [TomcatWebServer.java:220] Tomcat started on port(s): 8080 (http) with context path '/community'
2023-11-27 15:58:03,038 INFO [restartedMain] c.n.c.CommunityApplication [StartupInfoLogger.java:57] Started CommunityApplication in 0.683 seconds (process running for 329.683)
2023-11-27 15:58:03,040 INFO [restartedMain] o.s.b.d.a.ConditionEvaluationDeltaLoggingListener [ConditionEvaluationDeltaLoggingListener.java:63] Condition evaluation unchanged
2023-11-27 15:59:22,383 INFO [File Watcher] o.s.b.d.a.LocalDevToolsAutoConfiguration$RestartingClassPathChangeChangedEventListener [LocalDevToolsAutoConfiguration.java:211] Restarting due to 56 class path changes (0 additions, 56 deletions, 0 modifications)
2023-11-27 15:59:22,427 INFO [Thread-11] o.a.c.h.Http11NioProtocol [DirectJDKLog.java:173] Pausing ProtocolHandler ["http-nio-8080"]
2023-11-27 15:59:22,431 INFO [Thread-11] o.a.c.c.StandardService [DirectJDKLog.java:173] Stopping service [Tomcat]
2023-11-27 15:59:22,437 INFO [Thread-11] o.a.c.h.Http11NioProtocol [DirectJDKLog.java:173] Stopping ProtocolHandler ["http-nio-8080"]
2023-11-27 15:59:22,439 INFO [Thread-11] o.a.c.h.Http11NioProtocol [DirectJDKLog.java:173] Destroying ProtocolHandler ["http-nio-8080"]
2023-11-27 15:59:29,651 INFO [restartedMain] c.n.c.CommunityApplication [StartupInfoLogger.java:51] Starting CommunityApplication using Java 17.0.9 with PID 19216 (D:\JetBrains\IntelliJ IDEA 2022.1.4\workspace\community\target\classes started by lenovo in D:\JetBrains\IntelliJ IDEA 2022.1.4\workspace\community)
2023-11-27 15:59:29,652 INFO [restartedMain] c.n.c.CommunityApplication [SpringApplication.java:638] No active profile set, falling back to 1 default profile: "default"
2023-11-27 15:59:29,913 INFO [restartedMain] o.s.b.w.e.t.TomcatWebServer [TomcatWebServer.java:108] Tomcat initialized with port(s): 8080 (http)
2023-11-27 15:59:29,916 INFO [restartedMain] o.a.c.c.StandardService [DirectJDKLog.java:173] Starting service [Tomcat]
2023-11-27 15:59:29,916 INFO [restartedMain] o.a.c.c.StandardEngine [DirectJDKLog.java:173] Starting Servlet engine: [Apache Tomcat/10.1.15]
2023-11-27 15:59:29,954 INFO [restartedMain] o.a.c.c.C.[.[.[/community] [DirectJDKLog.java:173] Initializing Spring embedded WebApplicationContext
2023-11-27 15:59:29,954 INFO [restartedMain] o.s.b.w.s.c.ServletWebServerApplicationContext [ServletWebServerApplicationContext.java:291] Root WebApplicationContext: initialization completed in 300 ms
2023-11-27 15:59:29,999 INFO [restartedMain] o.s.b.a.w.s.WelcomePageHandlerMapping [WelcomePageHandlerMapping.java:59] Adding welcome page template: index
2023-11-27 15:59:30,064 INFO [restartedMain] o.a.c.c.StandardService [DirectJDKLog.java:173] Stopping service [Tomcat]
2023-11-27 15:59:30,072 INFO [restartedMain] o.s.b.a.l.ConditionEvaluationReportLogger [ConditionEvaluationReportLogger.java:82] 

Error starting ApplicationContext. To display the condition evaluation report re-run your application with 'debug' enabled.
2023-11-27 15:59:33,655 INFO [restartedMain] c.n.c.CommunityApplication [StartupInfoLogger.java:51] Starting CommunityApplication using Java 17.0.9 with PID 19216 (D:\JetBrains\IntelliJ IDEA 2022.1.4\workspace\community\target\classes started by lenovo in D:\JetBrains\IntelliJ IDEA 2022.1.4\workspace\community)
2023-11-27 15:59:33,656 INFO [restartedMain] c.n.c.CommunityApplication [SpringApplication.java:638] No active profile set, falling back to 1 default profile: "default"
2023-11-27 15:59:34,017 INFO [restartedMain] o.s.b.w.e.t.TomcatWebServer [TomcatWebServer.java:108] Tomcat initialized with port(s): 8080 (http)
2023-11-27 15:59:34,017 INFO [restartedMain] o.a.c.c.StandardService [DirectJDKLog.java:173] Starting service [Tomcat]
2023-11-27 15:59:34,018 INFO [restartedMain] o.a.c.c.StandardEngine [DirectJDKLog.java:173] Starting Servlet engine: [Apache Tomcat/10.1.15]
2023-11-27 15:59:34,064 INFO [restartedMain] o.a.c.c.C.[.[.[/community] [DirectJDKLog.java:173] Initializing Spring embedded WebApplicationContext
2023-11-27 15:59:34,065 INFO [restartedMain] o.s.b.w.s.c.ServletWebServerApplicationContext [ServletWebServerApplicationContext.java:291] Root WebApplicationContext: initialization completed in 406 ms
2023-11-27 15:59:34,196 INFO [restartedMain] o.s.b.a.w.s.WelcomePageHandlerMapping [WelcomePageHandlerMapping.java:59] Adding welcome page template: index
2023-11-27 15:59:34,249 INFO [restartedMain] o.s.b.d.a.OptionalLiveReloadServer [OptionalLiveReloadServer.java:59] LiveReload server is running on port 35729
2023-11-27 15:59:34,263 INFO [restartedMain] o.s.b.w.e.t.TomcatWebServer [TomcatWebServer.java:220] Tomcat started on port(s): 8080 (http) with context path '/community'
2023-11-27 15:59:34,269 INFO [restartedMain] c.n.c.CommunityApplication [StartupInfoLogger.java:57] Started CommunityApplication in 0.649 seconds (process running for 420.913)
2023-11-27 15:59:34,270 INFO [restartedMain] o.s.b.d.a.ConditionEvaluationDeltaLoggingListener [ConditionEvaluationDeltaLoggingListener.java:63] Condition evaluation unchanged
2023-11-27 15:59:48,672 INFO [restartedMain] c.n.c.CommunityApplication [StartupInfoLogger.java:51] Starting CommunityApplication using Java 17.0.9 with PID 16404 (D:\JetBrains\IntelliJ IDEA 2022.1.4\workspace\community\target\classes started by lenovo in D:\JetBrains\IntelliJ IDEA 2022.1.4\workspace\community)
2023-11-27 15:59:48,675 INFO [restartedMain] c.n.c.CommunityApplication [SpringApplication.java:638] No active profile set, falling back to 1 default profile: "default"
2023-11-27 15:59:48,751 INFO [restartedMain] o.s.b.d.e.DevToolsPropertyDefaultsPostProcessor [DeferredLog.java:250] Devtools property defaults active! Set 'spring.devtools.add-properties' to 'false' to disable
2023-11-27 15:59:48,751 INFO [restartedMain] o.s.b.d.e.DevToolsPropertyDefaultsPostProcessor [DeferredLog.java:250] For additional web related logging consider setting the 'logging.level.web' property to 'DEBUG'
2023-11-27 15:59:50,139 INFO [restartedMain] o.s.b.w.e.t.TomcatWebServer [TomcatWebServer.java:108] Tomcat initialized with port(s): 8080 (http)
2023-11-27 15:59:50,147 INFO [restartedMain] o.a.c.h.Http11NioProtocol [DirectJDKLog.java:173] Initializing ProtocolHandler ["http-nio-8080"]
2023-11-27 15:59:50,149 INFO [restartedMain] o.a.c.c.StandardService [DirectJDKLog.java:173] Starting service [Tomcat]
2023-11-27 15:59:50,149 INFO [restartedMain] o.a.c.c.StandardEngine [DirectJDKLog.java:173] Starting Servlet engine: [Apache Tomcat/10.1.15]
2023-11-27 15:59:50,245 INFO [restartedMain] o.a.c.c.C.[.[.[/community] [DirectJDKLog.java:173] Initializing Spring embedded WebApplicationContext
2023-11-27 15:59:50,245 INFO [restartedMain] o.s.b.w.s.c.ServletWebServerApplicationContext [ServletWebServerApplicationContext.java:291] Root WebApplicationContext: initialization completed in 1491 ms
2023-11-27 15:59:50,785 INFO [restartedMain] o.s.b.a.w.s.WelcomePageHandlerMapping [WelcomePageHandlerMapping.java:59] Adding welcome page template: index
2023-11-27 15:59:50,961 INFO [restartedMain] o.s.b.d.a.OptionalLiveReloadServer [OptionalLiveReloadServer.java:59] LiveReload server is running on port 35729
2023-11-27 15:59:50,979 INFO [restartedMain] o.a.c.h.Http11NioProtocol [DirectJDKLog.java:173] Starting ProtocolHandler ["http-nio-8080"]
2023-11-27 15:59:51,004 INFO [restartedMain] o.s.b.w.e.t.TomcatWebServer [TomcatWebServer.java:220] Tomcat started on port(s): 8080 (http) with context path '/community'
2023-11-27 15:59:51,016 INFO [restartedMain] c.n.c.CommunityApplication [StartupInfoLogger.java:57] Started CommunityApplication in 3.031 seconds (process running for 4.13)
2023-11-27 15:59:58,065 INFO [http-nio-8080-exec-1] o.a.c.c.C.[.[.[/community] [DirectJDKLog.java:173] Initializing Spring DispatcherServlet 'dispatcherServlet'
2023-11-27 15:59:58,065 INFO [http-nio-8080-exec-1] o.s.w.s.DispatcherServlet [FrameworkServlet.java:532] Initializing Servlet 'dispatcherServlet'
2023-11-27 15:59:58,066 INFO [http-nio-8080-exec-1] o.s.w.s.DispatcherServlet [FrameworkServlet.java:554] Completed initialization in 1 ms
2023-11-27 17:05:01,400 INFO [restartedMain] c.n.c.CommunityApplication [StartupInfoLogger.java:51] Starting CommunityApplication using Java 17.0.9 with PID 1228 (D:\JetBrains\IntelliJ IDEA 2022.1.4\workspace\community\target\classes started by lenovo in D:\JetBrains\IntelliJ IDEA 2022.1.4\workspace\community)
2023-11-27 17:05:01,401 INFO [restartedMain] c.n.c.CommunityApplication [SpringApplication.java:638] No active profile set, falling back to 1 default profile: "default"
2023-11-27 17:05:01,461 INFO [restartedMain] o.s.b.d.e.DevToolsPropertyDefaultsPostProcessor [DeferredLog.java:250] Devtools property defaults active! Set 'spring.devtools.add-properties' to 'false' to disable
2023-11-27 17:05:01,461 INFO [restartedMain] o.s.b.d.e.DevToolsPropertyDefaultsPostProcessor [DeferredLog.java:250] For additional web related logging consider setting the 'logging.level.web' property to 'DEBUG'
2023-11-27 17:05:02,412 INFO [restartedMain] o.s.b.w.e.t.TomcatWebServer [TomcatWebServer.java:108] Tomcat initialized with port(s): 8080 (http)
2023-11-27 17:05:02,420 INFO [restartedMain] o.a.c.h.Http11NioProtocol [DirectJDKLog.java:173] Initializing ProtocolHandler ["http-nio-8080"]
2023-11-27 17:05:02,421 INFO [restartedMain] o.a.c.c.StandardService [DirectJDKLog.java:173] Starting service [Tomcat]
2023-11-27 17:05:02,421 INFO [restartedMain] o.a.c.c.StandardEngine [DirectJDKLog.java:173] Starting Servlet engine: [Apache Tomcat/10.1.15]
2023-11-27 17:05:02,483 INFO [restartedMain] o.a.c.c.C.[.[.[/community] [DirectJDKLog.java:173] Initializing Spring embedded WebApplicationContext
2023-11-27 17:05:02,484 INFO [restartedMain] o.s.b.w.s.c.ServletWebServerApplicationContext [ServletWebServerApplicationContext.java:291] Root WebApplicationContext: initialization completed in 1021 ms
2023-11-27 17:05:02,876 INFO [restartedMain] o.s.b.a.w.s.WelcomePageHandlerMapping [WelcomePageHandlerMapping.java:59] Adding welcome page template: index
2023-11-27 17:05:03,013 INFO [restartedMain] o.s.b.d.a.OptionalLiveReloadServer [OptionalLiveReloadServer.java:59] LiveReload server is running on port 35729
2023-11-27 17:05:03,026 INFO [restartedMain] o.a.c.h.Http11NioProtocol [DirectJDKLog.java:173] Starting ProtocolHandler ["http-nio-8080"]
2023-11-27 17:05:03,043 INFO [restartedMain] o.s.b.w.e.t.TomcatWebServer [TomcatWebServer.java:220] Tomcat started on port(s): 8080 (http) with context path '/community'
2023-11-27 17:05:03,050 INFO [restartedMain] c.n.c.CommunityApplication [StartupInfoLogger.java:57] Started CommunityApplication in 2.158 seconds (process running for 3.094)
2023-11-27 17:05:16,783 INFO [http-nio-8080-exec-1] o.a.c.c.C.[.[.[/community] [DirectJDKLog.java:173] Initializing Spring DispatcherServlet 'dispatcherServlet'
2023-11-27 17:05:16,783 INFO [http-nio-8080-exec-1] o.s.w.s.DispatcherServlet [FrameworkServlet.java:532] Initializing Servlet 'dispatcherServlet'
2023-11-27 17:05:16,785 INFO [http-nio-8080-exec-1] o.s.w.s.DispatcherServlet [FrameworkServlet.java:554] Completed initialization in 1 ms
2023-11-27 17:21:07,186 INFO [restartedMain] c.n.c.CommunityApplication [StartupInfoLogger.java:51] Starting CommunityApplication using Java 17.0.9 with PID 10976 (D:\JetBrains\IntelliJ IDEA 2022.1.4\workspace\community\target\classes started by lenovo in D:\JetBrains\IntelliJ IDEA 2022.1.4\workspace\community)
2023-11-27 17:21:07,190 INFO [restartedMain] c.n.c.CommunityApplication [SpringApplication.java:638] No active profile set, falling back to 1 default profile: "default"
2023-11-27 17:21:07,266 INFO [restartedMain] o.s.b.d.e.DevToolsPropertyDefaultsPostProcessor [DeferredLog.java:250] Devtools property defaults active! Set 'spring.devtools.add-properties' to 'false' to disable
2023-11-27 17:21:07,267 INFO [restartedMain] o.s.b.d.e.DevToolsPropertyDefaultsPostProcessor [DeferredLog.java:250] For additional web related logging consider setting the 'logging.level.web' property to 'DEBUG'
2023-11-27 17:21:08,668 INFO [restartedMain] o.s.b.w.e.t.TomcatWebServer [TomcatWebServer.java:108] Tomcat initialized with port(s): 8080 (http)
2023-11-27 17:21:08,676 INFO [restartedMain] o.a.c.h.Http11NioProtocol [DirectJDKLog.java:173] Initializing ProtocolHandler ["http-nio-8080"]
2023-11-27 17:21:08,679 INFO [restartedMain] o.a.c.c.StandardService [DirectJDKLog.java:173] Starting service [Tomcat]
2023-11-27 17:21:08,679 INFO [restartedMain] o.a.c.c.StandardEngine [DirectJDKLog.java:173] Starting Servlet engine: [Apache Tomcat/10.1.15]
2023-11-27 17:21:08,773 INFO [restartedMain] o.a.c.c.C.[.[.[/community] [DirectJDKLog.java:173] Initializing Spring embedded WebApplicationContext
2023-11-27 17:21:08,773 INFO [restartedMain] o.s.b.w.s.c.ServletWebServerApplicationContext [ServletWebServerApplicationContext.java:291] Root WebApplicationContext: initialization completed in 1503 ms
2023-11-27 17:21:09,322 INFO [restartedMain] o.s.b.a.w.s.WelcomePageHandlerMapping [WelcomePageHandlerMapping.java:59] Adding welcome page template: index
2023-11-27 17:21:09,516 INFO [restartedMain] o.s.b.d.a.OptionalLiveReloadServer [OptionalLiveReloadServer.java:59] LiveReload server is running on port 35729
2023-11-27 17:21:09,537 INFO [restartedMain] o.a.c.h.Http11NioProtocol [DirectJDKLog.java:173] Starting ProtocolHandler ["http-nio-8080"]
2023-11-27 17:21:09,569 INFO [restartedMain] o.s.b.w.e.t.TomcatWebServer [TomcatWebServer.java:220] Tomcat started on port(s): 8080 (http) with context path '/community'
2023-11-27 17:21:09,582 INFO [restartedMain] c.n.c.CommunityApplication [StartupInfoLogger.java:57] Started CommunityApplication in 3.082 seconds (process running for 4.228)
2023-11-27 17:21:15,907 INFO [http-nio-8080-exec-1] o.a.c.c.C.[.[.[/community] [DirectJDKLog.java:173] Initializing Spring DispatcherServlet 'dispatcherServlet'
2023-11-27 17:21:15,907 INFO [http-nio-8080-exec-1] o.s.w.s.DispatcherServlet [FrameworkServlet.java:532] Initializing Servlet 'dispatcherServlet'
2023-11-27 17:21:15,909 INFO [http-nio-8080-exec-1] o.s.w.s.DispatcherServlet [FrameworkServlet.java:554] Completed initialization in 0 ms
2023-11-27 18:40:22,717 INFO [restartedMain] c.n.c.CommunityApplication [StartupInfoLogger.java:51] Starting CommunityApplication using Java 17.0.9 with PID 8472 (D:\JetBrains\IntelliJ IDEA 2022.1.4\workspace\community\target\classes started by lenovo in D:\JetBrains\IntelliJ IDEA 2022.1.4\workspace\community)
2023-11-27 18:40:22,719 INFO [restartedMain] c.n.c.CommunityApplication [SpringApplication.java:638] No active profile set, falling back to 1 default profile: "default"
2023-11-27 18:40:22,796 INFO [restartedMain] o.s.b.d.e.DevToolsPropertyDefaultsPostProcessor [DeferredLog.java:250] Devtools property defaults active! Set 'spring.devtools.add-properties' to 'false' to disable
2023-11-27 18:40:22,796 INFO [restartedMain] o.s.b.d.e.DevToolsPropertyDefaultsPostProcessor [DeferredLog.java:250] For additional web related logging consider setting the 'logging.level.web' property to 'DEBUG'
2023-11-27 18:40:24,130 INFO [restartedMain] o.s.b.w.e.t.TomcatWebServer [TomcatWebServer.java:108] Tomcat initialized with port(s): 8080 (http)
2023-11-27 18:40:24,140 INFO [restartedMain] o.a.c.h.Http11NioProtocol [DirectJDKLog.java:173] Initializing ProtocolHandler ["http-nio-8080"]
2023-11-27 18:40:24,142 INFO [restartedMain] o.a.c.c.StandardService [DirectJDKLog.java:173] Starting service [Tomcat]
2023-11-27 18:40:24,142 INFO [restartedMain] o.a.c.c.StandardEngine [DirectJDKLog.java:173] Starting Servlet engine: [Apache Tomcat/10.1.15]
2023-11-27 18:40:24,234 INFO [restartedMain] o.a.c.c.C.[.[.[/community] [DirectJDKLog.java:173] Initializing Spring embedded WebApplicationContext
2023-11-27 18:40:24,235 INFO [restartedMain] o.s.b.w.s.c.ServletWebServerApplicationContext [ServletWebServerApplicationContext.java:291] Root WebApplicationContext: initialization completed in 1436 ms
2023-11-27 18:40:24,765 INFO [restartedMain] o.s.b.a.w.s.WelcomePageHandlerMapping [WelcomePageHandlerMapping.java:59] Adding welcome page template: index
2023-11-27 18:40:24,938 INFO [restartedMain] o.s.b.d.a.OptionalLiveReloadServer [OptionalLiveReloadServer.java:59] LiveReload server is running on port 35729
2023-11-27 18:40:24,956 INFO [restartedMain] o.a.c.h.Http11NioProtocol [DirectJDKLog.java:173] Starting ProtocolHandler ["http-nio-8080"]
2023-11-27 18:40:24,980 INFO [restartedMain] o.s.b.w.e.t.TomcatWebServer [TomcatWebServer.java:220] Tomcat started on port(s): 8080 (http) with context path '/community'
2023-11-27 18:40:24,993 INFO [restartedMain] c.n.c.CommunityApplication [StartupInfoLogger.java:57] Started CommunityApplication in 2.911 seconds (process running for 4.169)
2023-11-27 18:40:45,755 INFO [restartedMain] c.n.c.CommunityApplication [StartupInfoLogger.java:51] Starting CommunityApplication using Java 17.0.9 with PID 17164 (D:\JetBrains\IntelliJ IDEA 2022.1.4\workspace\community\target\classes started by lenovo in D:\JetBrains\IntelliJ IDEA 2022.1.4\workspace\community)
2023-11-27 18:40:45,758 INFO [restartedMain] c.n.c.CommunityApplication [SpringApplication.java:638] No active profile set, falling back to 1 default profile: "default"
2023-11-27 18:40:45,827 INFO [restartedMain] o.s.b.d.e.DevToolsPropertyDefaultsPostProcessor [DeferredLog.java:250] Devtools property defaults active! Set 'spring.devtools.add-properties' to 'false' to disable
2023-11-27 18:40:45,828 INFO [restartedMain] o.s.b.d.e.DevToolsPropertyDefaultsPostProcessor [DeferredLog.java:250] For additional web related logging consider setting the 'logging.level.web' property to 'DEBUG'
2023-11-27 18:40:47,153 INFO [restartedMain] o.s.b.w.e.t.TomcatWebServer [TomcatWebServer.java:108] Tomcat initialized with port(s): 8080 (http)
2023-11-27 18:40:47,161 INFO [restartedMain] o.a.c.h.Http11NioProtocol [DirectJDKLog.java:173] Initializing ProtocolHandler ["http-nio-8080"]
2023-11-27 18:40:47,163 INFO [restartedMain] o.a.c.c.StandardService [DirectJDKLog.java:173] Starting service [Tomcat]
2023-11-27 18:40:47,163 INFO [restartedMain] o.a.c.c.StandardEngine [DirectJDKLog.java:173] Starting Servlet engine: [Apache Tomcat/10.1.15]
2023-11-27 18:40:47,260 INFO [restartedMain] o.a.c.c.C.[.[.[/community] [DirectJDKLog.java:173] Initializing Spring embedded WebApplicationContext
2023-11-27 18:40:47,260 INFO [restartedMain] o.s.b.w.s.c.ServletWebServerApplicationContext [ServletWebServerApplicationContext.java:291] Root WebApplicationContext: initialization completed in 1431 ms
2023-11-27 18:40:47,778 INFO [restartedMain] o.s.b.a.w.s.WelcomePageHandlerMapping [WelcomePageHandlerMapping.java:59] Adding welcome page template: index
2023-11-27 18:40:47,948 INFO [restartedMain] o.s.b.d.a.OptionalLiveReloadServer [OptionalLiveReloadServer.java:59] LiveReload server is running on port 35729
2023-11-27 18:40:47,965 INFO [restartedMain] o.a.c.h.Http11NioProtocol [DirectJDKLog.java:173] Starting ProtocolHandler ["http-nio-8080"]
2023-11-27 18:40:47,988 INFO [restartedMain] o.s.b.w.e.t.TomcatWebServer [TomcatWebServer.java:220] Tomcat started on port(s): 8080 (http) with context path '/community'
2023-11-27 18:40:48,000 INFO [restartedMain] c.n.c.CommunityApplication [StartupInfoLogger.java:57] Started CommunityApplication in 2.859 seconds (process running for 4.016)
2023-11-27 18:40:54,044 INFO [http-nio-8080-exec-1] o.a.c.c.C.[.[.[/community] [DirectJDKLog.java:173] Initializing Spring DispatcherServlet 'dispatcherServlet'
2023-11-27 18:40:54,044 INFO [http-nio-8080-exec-1] o.s.w.s.DispatcherServlet [FrameworkServlet.java:532] Initializing Servlet 'dispatcherServlet'
2023-11-27 18:40:54,045 INFO [http-nio-8080-exec-1] o.s.w.s.DispatcherServlet [FrameworkServlet.java:554] Completed initialization in 0 ms
2023-11-27 18:41:39,495 INFO [File Watcher] o.s.b.d.a.LocalDevToolsAutoConfiguration$RestartingClassPathChangeChangedEventListener [LocalDevToolsAutoConfiguration.java:211] Restarting due to 57 class path changes (0 additions, 57 deletions, 0 modifications)
2023-11-27 18:41:39,529 INFO [Thread-5] o.a.c.h.Http11NioProtocol [DirectJDKLog.java:173] Pausing ProtocolHandler ["http-nio-8080"]
2023-11-27 18:41:39,529 INFO [Thread-5] o.a.c.c.StandardService [DirectJDKLog.java:173] Stopping service [Tomcat]
2023-11-27 18:41:39,531 INFO [Thread-5] o.a.c.c.C.[.[.[/community] [DirectJDKLog.java:173] Destroying Spring FrameworkServlet 'dispatcherServlet'
2023-11-27 18:41:39,536 INFO [Thread-5] o.a.c.h.Http11NioProtocol [DirectJDKLog.java:173] Stopping ProtocolHandler ["http-nio-8080"]
2023-11-27 18:41:39,540 INFO [Thread-5] o.a.c.h.Http11NioProtocol [DirectJDKLog.java:173] Destroying ProtocolHandler ["http-nio-8080"]
2023-11-27 19:25:27,047 INFO [restartedMain] c.n.c.CommunityApplication [StartupInfoLogger.java:51] Starting CommunityApplication using Java 17.0.9 with PID 8340 (D:\JetBrains\IntelliJ IDEA 2022.1.4\workspace\community\target\classes started by lenovo in D:\JetBrains\IntelliJ IDEA 2022.1.4\workspace\community)
2023-11-27 19:25:27,049 INFO [restartedMain] c.n.c.CommunityApplication [SpringApplication.java:638] No active profile set, falling back to 1 default profile: "default"
2023-11-27 19:25:27,104 INFO [restartedMain] o.s.b.d.e.DevToolsPropertyDefaultsPostProcessor [DeferredLog.java:250] Devtools property defaults active! Set 'spring.devtools.add-properties' to 'false' to disable
2023-11-27 19:25:27,105 INFO [restartedMain] o.s.b.d.e.DevToolsPropertyDefaultsPostProcessor [DeferredLog.java:250] For additional web related logging consider setting the 'logging.level.web' property to 'DEBUG'
2023-11-27 19:25:27,942 INFO [restartedMain] o.s.b.w.e.t.TomcatWebServer [TomcatWebServer.java:108] Tomcat initialized with port(s): 8080 (http)
2023-11-27 19:25:27,947 INFO [restartedMain] o.a.c.h.Http11NioProtocol [DirectJDKLog.java:173] Initializing ProtocolHandler ["http-nio-8080"]
2023-11-27 19:25:27,948 INFO [restartedMain] o.a.c.c.StandardService [DirectJDKLog.java:173] Starting service [Tomcat]
2023-11-27 19:25:27,948 INFO [restartedMain] o.a.c.c.StandardEngine [DirectJDKLog.java:173] Starting Servlet engine: [Apache Tomcat/10.1.15]
2023-11-27 19:25:28,025 INFO [restartedMain] o.a.c.c.C.[.[.[/community] [DirectJDKLog.java:173] Initializing Spring embedded WebApplicationContext
2023-11-27 19:25:28,025 INFO [restartedMain] o.s.b.w.s.c.ServletWebServerApplicationContext [ServletWebServerApplicationContext.java:291] Root WebApplicationContext: initialization completed in 919 ms
2023-11-27 19:25:28,380 INFO [restartedMain] o.s.b.a.w.s.WelcomePageHandlerMapping [WelcomePageHandlerMapping.java:59] Adding welcome page template: index
2023-11-27 19:25:28,497 INFO [restartedMain] o.s.b.d.a.OptionalLiveReloadServer [OptionalLiveReloadServer.java:59] LiveReload server is running on port 35729
2023-11-27 19:25:28,509 INFO [restartedMain] o.a.c.h.Http11NioProtocol [DirectJDKLog.java:173] Starting ProtocolHandler ["http-nio-8080"]
2023-11-27 19:25:28,524 INFO [restartedMain] o.s.b.w.e.t.TomcatWebServer [TomcatWebServer.java:220] Tomcat started on port(s): 8080 (http) with context path '/community'
2023-11-27 19:25:28,534 INFO [restartedMain] c.n.c.CommunityApplication [StartupInfoLogger.java:57] Started CommunityApplication in 1.965 seconds (process running for 2.927)
2023-11-27 19:25:45,181 INFO [http-nio-8080-exec-1] o.a.c.c.C.[.[.[/community] [DirectJDKLog.java:173] Initializing Spring DispatcherServlet 'dispatcherServlet'
2023-11-27 19:25:45,182 INFO [http-nio-8080-exec-1] o.s.w.s.DispatcherServlet [FrameworkServlet.java:532] Initializing Servlet 'dispatcherServlet'
2023-11-27 19:25:45,183 INFO [http-nio-8080-exec-1] o.s.w.s.DispatcherServlet [FrameworkServlet.java:554] Completed initialization in 0 ms
2023-11-27 19:35:00,775 INFO [restartedMain] c.n.c.CommunityApplication [StartupInfoLogger.java:51] Starting CommunityApplication using Java 17.0.9 with PID 18504 (D:\JetBrains\IntelliJ IDEA 2022.1.4\workspace\community\target\classes started by lenovo in D:\JetBrains\IntelliJ IDEA 2022.1.4\workspace\community)
2023-11-27 19:35:00,777 INFO [restartedMain] c.n.c.CommunityApplication [SpringApplication.java:638] No active profile set, falling back to 1 default profile: "default"
2023-11-27 19:35:00,835 INFO [restartedMain] o.s.b.d.e.DevToolsPropertyDefaultsPostProcessor [DeferredLog.java:250] Devtools property defaults active! Set 'spring.devtools.add-properties' to 'false' to disable
2023-11-27 19:35:00,835 INFO [restartedMain] o.s.b.d.e.DevToolsPropertyDefaultsPostProcessor [DeferredLog.java:250] For additional web related logging consider setting the 'logging.level.web' property to 'DEBUG'
2023-11-27 19:35:01,768 INFO [restartedMain] o.s.b.w.e.t.TomcatWebServer [TomcatWebServer.java:108] Tomcat initialized with port(s): 8080 (http)
2023-11-27 19:35:01,775 INFO [restartedMain] o.a.c.h.Http11NioProtocol [DirectJDKLog.java:173] Initializing ProtocolHandler ["http-nio-8080"]
2023-11-27 19:35:01,776 INFO [restartedMain] o.a.c.c.StandardService [DirectJDKLog.java:173] Starting service [Tomcat]
2023-11-27 19:35:01,776 INFO [restartedMain] o.a.c.c.StandardEngine [DirectJDKLog.java:173] Starting Servlet engine: [Apache Tomcat/10.1.15]
2023-11-27 19:35:01,837 INFO [restartedMain] o.a.c.c.C.[.[.[/community] [DirectJDKLog.java:173] Initializing Spring embedded WebApplicationContext
2023-11-27 19:35:01,837 INFO [restartedMain] o.s.b.w.s.c.ServletWebServerApplicationContext [ServletWebServerApplicationContext.java:291] Root WebApplicationContext: initialization completed in 1001 ms
2023-11-27 19:35:02,211 INFO [restartedMain] o.s.b.a.w.s.WelcomePageHandlerMapping [WelcomePageHandlerMapping.java:59] Adding welcome page template: index
2023-11-27 19:35:02,340 INFO [restartedMain] o.s.b.d.a.OptionalLiveReloadServer [OptionalLiveReloadServer.java:59] LiveReload server is running on port 35729
2023-11-27 19:35:02,357 INFO [restartedMain] o.a.c.h.Http11NioProtocol [DirectJDKLog.java:173] Starting ProtocolHandler ["http-nio-8080"]
2023-11-27 19:35:02,375 INFO [restartedMain] o.s.b.w.e.t.TomcatWebServer [TomcatWebServer.java:220] Tomcat started on port(s): 8080 (http) with context path '/community'
2023-11-27 19:35:02,384 INFO [restartedMain] c.n.c.CommunityApplication [StartupInfoLogger.java:57] Started CommunityApplication in 2.128 seconds (process running for 3.071)
2023-11-27 19:35:06,923 INFO [http-nio-8080-exec-1] o.a.c.c.C.[.[.[/community] [DirectJDKLog.java:173] Initializing Spring DispatcherServlet 'dispatcherServlet'
2023-11-27 19:35:06,923 INFO [http-nio-8080-exec-1] o.s.w.s.DispatcherServlet [FrameworkServlet.java:532] Initializing Servlet 'dispatcherServlet'
2023-11-27 19:35:06,924 INFO [http-nio-8080-exec-1] o.s.w.s.DispatcherServlet [FrameworkServlet.java:554] Completed initialization in 0 ms
2023-11-27 19:37:15,549 INFO [restartedMain] c.n.c.CommunityApplication [StartupInfoLogger.java:51] Starting CommunityApplication using Java 17.0.9 with PID 19248 (D:\JetBrains\IntelliJ IDEA 2022.1.4\workspace\community\target\classes started by lenovo in D:\JetBrains\IntelliJ IDEA 2022.1.4\workspace\community)
2023-11-27 19:37:15,553 INFO [restartedMain] c.n.c.CommunityApplication [SpringApplication.java:638] No active profile set, falling back to 1 default profile: "default"
2023-11-27 19:37:15,622 INFO [restartedMain] o.s.b.d.e.DevToolsPropertyDefaultsPostProcessor [DeferredLog.java:250] Devtools property defaults active! Set 'spring.devtools.add-properties' to 'false' to disable
2023-11-27 19:37:15,623 INFO [restartedMain] o.s.b.d.e.DevToolsPropertyDefaultsPostProcessor [DeferredLog.java:250] For additional web related logging consider setting the 'logging.level.web' property to 'DEBUG'
2023-11-27 19:37:16,612 INFO [restartedMain] o.s.b.w.e.t.TomcatWebServer [TomcatWebServer.java:108] Tomcat initialized with port(s): 8080 (http)
2023-11-27 19:37:16,618 INFO [restartedMain] o.a.c.h.Http11NioProtocol [DirectJDKLog.java:173] Initializing ProtocolHandler ["http-nio-8080"]
2023-11-27 19:37:16,619 INFO [restartedMain] o.a.c.c.StandardService [DirectJDKLog.java:173] Starting service [Tomcat]
2023-11-27 19:37:16,619 INFO [restartedMain] o.a.c.c.StandardEngine [DirectJDKLog.java:173] Starting Servlet engine: [Apache Tomcat/10.1.15]
2023-11-27 19:37:16,683 INFO [restartedMain] o.a.c.c.C.[.[.[/community] [DirectJDKLog.java:173] Initializing Spring embedded WebApplicationContext
2023-11-27 19:37:16,684 INFO [restartedMain] o.s.b.w.s.c.ServletWebServerApplicationContext [ServletWebServerApplicationContext.java:291] Root WebApplicationContext: initialization completed in 1057 ms
2023-11-27 19:37:17,074 INFO [restartedMain] o.s.b.a.w.s.WelcomePageHandlerMapping [WelcomePageHandlerMapping.java:59] Adding welcome page template: index
2023-11-27 19:37:17,206 INFO [restartedMain] o.s.b.d.a.OptionalLiveReloadServer [OptionalLiveReloadServer.java:59] LiveReload server is running on port 35729
2023-11-27 19:37:17,222 INFO [restartedMain] o.a.c.h.Http11NioProtocol [DirectJDKLog.java:173] Starting ProtocolHandler ["http-nio-8080"]
2023-11-27 19:37:17,240 INFO [restartedMain] o.s.b.w.e.t.TomcatWebServer [TomcatWebServer.java:220] Tomcat started on port(s): 8080 (http) with context path '/community'
2023-11-27 19:37:17,249 INFO [restartedMain] c.n.c.CommunityApplication [StartupInfoLogger.java:57] Started CommunityApplication in 2.203 seconds (process running for 3.105)
2023-11-27 19:37:23,354 INFO [http-nio-8080-exec-1] o.a.c.c.C.[.[.[/community] [DirectJDKLog.java:173] Initializing Spring DispatcherServlet 'dispatcherServlet'
2023-11-27 19:37:23,355 INFO [http-nio-8080-exec-1] o.s.w.s.DispatcherServlet [FrameworkServlet.java:532] Initializing Servlet 'dispatcherServlet'
2023-11-27 19:37:23,355 INFO [http-nio-8080-exec-1] o.s.w.s.DispatcherServlet [FrameworkServlet.java:554] Completed initialization in 0 ms
2023-11-27 19:37:56,387 INFO [File Watcher] o.s.b.d.a.LocalDevToolsAutoConfiguration$RestartingClassPathChangeChangedEventListener [LocalDevToolsAutoConfiguration.java:211] Restarting due to 58 class path changes (0 additions, 58 deletions, 0 modifications)
2023-11-27 19:37:56,421 INFO [Thread-5] o.a.c.h.Http11NioProtocol [DirectJDKLog.java:173] Pausing ProtocolHandler ["http-nio-8080"]
2023-11-27 19:37:56,421 INFO [Thread-5] o.a.c.c.StandardService [DirectJDKLog.java:173] Stopping service [Tomcat]
2023-11-27 19:37:56,422 INFO [Thread-5] o.a.c.c.C.[.[.[/community] [DirectJDKLog.java:173] Destroying Spring FrameworkServlet 'dispatcherServlet'
2023-11-27 19:37:56,428 INFO [Thread-5] o.a.c.h.Http11NioProtocol [DirectJDKLog.java:173] Stopping ProtocolHandler ["http-nio-8080"]
2023-11-27 19:37:56,430 INFO [Thread-5] o.a.c.h.Http11NioProtocol [DirectJDKLog.java:173] Destroying ProtocolHandler ["http-nio-8080"]
2023-11-27 19:43:45,008 INFO [restartedMain] c.n.c.CommunityApplication [StartupInfoLogger.java:51] Starting CommunityApplication using Java 17.0.9 with PID 16224 (D:\JetBrains\IntelliJ IDEA 2022.1.4\workspace\community\target\classes started by lenovo in D:\JetBrains\IntelliJ IDEA 2022.1.4\workspace\community)
2023-11-27 19:43:45,009 INFO [restartedMain] c.n.c.CommunityApplication [SpringApplication.java:638] No active profile set, falling back to 1 default profile: "default"
2023-11-27 19:43:45,088 INFO [restartedMain] o.s.b.d.e.DevToolsPropertyDefaultsPostProcessor [DeferredLog.java:250] Devtools property defaults active! Set 'spring.devtools.add-properties' to 'false' to disable
2023-11-27 19:43:45,088 INFO [restartedMain] o.s.b.d.e.DevToolsPropertyDefaultsPostProcessor [DeferredLog.java:250] For additional web related logging consider setting the 'logging.level.web' property to 'DEBUG'
2023-11-27 19:43:45,961 INFO [restartedMain] o.s.b.w.e.t.TomcatWebServer [TomcatWebServer.java:108] Tomcat initialized with port(s): 8080 (http)
2023-11-27 19:43:45,966 INFO [restartedMain] o.a.c.h.Http11NioProtocol [DirectJDKLog.java:173] Initializing ProtocolHandler ["http-nio-8080"]
2023-11-27 19:43:45,967 INFO [restartedMain] o.a.c.c.StandardService [DirectJDKLog.java:173] Starting service [Tomcat]
2023-11-27 19:43:45,968 INFO [restartedMain] o.a.c.c.StandardEngine [DirectJDKLog.java:173] Starting Servlet engine: [Apache Tomcat/10.1.15]
2023-11-27 19:43:46,031 INFO [restartedMain] o.a.c.c.C.[.[.[/community] [DirectJDKLog.java:173] Initializing Spring embedded WebApplicationContext
2023-11-27 19:43:46,032 INFO [restartedMain] o.s.b.w.s.c.ServletWebServerApplicationContext [ServletWebServerApplicationContext.java:291] Root WebApplicationContext: initialization completed in 942 ms
2023-11-27 19:43:46,373 INFO [restartedMain] o.s.b.a.w.s.WelcomePageHandlerMapping [WelcomePageHandlerMapping.java:59] Adding welcome page template: index
2023-11-27 19:43:46,478 INFO [restartedMain] o.s.b.d.a.OptionalLiveReloadServer [OptionalLiveReloadServer.java:59] LiveReload server is running on port 35729
2023-11-27 19:43:46,490 INFO [restartedMain] o.a.c.h.Http11NioProtocol [DirectJDKLog.java:173] Starting ProtocolHandler ["http-nio-8080"]
2023-11-27 19:43:46,504 INFO [restartedMain] o.s.b.w.e.t.TomcatWebServer [TomcatWebServer.java:220] Tomcat started on port(s): 8080 (http) with context path '/community'
2023-11-27 19:43:46,513 INFO [restartedMain] c.n.c.CommunityApplication [StartupInfoLogger.java:57] Started CommunityApplication in 1.952 seconds (process running for 2.999)
2023-11-27 19:43:54,437 INFO [http-nio-8080-exec-1] o.a.c.c.C.[.[.[/community] [DirectJDKLog.java:173] Initializing Spring DispatcherServlet 'dispatcherServlet'
2023-11-27 19:43:54,437 INFO [http-nio-8080-exec-1] o.s.w.s.DispatcherServlet [FrameworkServlet.java:532] Initializing Servlet 'dispatcherServlet'
2023-11-27 19:43:54,438 INFO [http-nio-8080-exec-1] o.s.w.s.DispatcherServlet [FrameworkServlet.java:554] Completed initialization in 1 ms
2023-11-27 20:06:06,252 INFO [File Watcher] o.s.b.d.a.LocalDevToolsAutoConfiguration$RestartingClassPathChangeChangedEventListener [LocalDevToolsAutoConfiguration.java:211] Restarting due to 2 class path changes (0 additions, 1 deletion, 1 modification)
2023-11-27 20:06:06,285 INFO [Thread-5] o.a.c.h.Http11NioProtocol [DirectJDKLog.java:173] Pausing ProtocolHandler ["http-nio-8080"]
2023-11-27 20:06:06,285 INFO [Thread-5] o.a.c.c.StandardService [DirectJDKLog.java:173] Stopping service [Tomcat]
2023-11-27 20:06:06,286 INFO [Thread-5] o.a.c.c.C.[.[.[/community] [DirectJDKLog.java:173] Destroying Spring FrameworkServlet 'dispatcherServlet'
2023-11-27 20:06:06,291 INFO [Thread-5] o.a.c.h.Http11NioProtocol [DirectJDKLog.java:173] Stopping ProtocolHandler ["http-nio-8080"]
2023-11-27 20:06:06,293 INFO [Thread-5] o.a.c.h.Http11NioProtocol [DirectJDKLog.java:173] Destroying ProtocolHandler ["http-nio-8080"]
2023-11-27 20:06:06,375 INFO [restartedMain] c.n.c.CommunityApplication [StartupInfoLogger.java:51] Starting CommunityApplication using Java 17.0.9 with PID 16224 (D:\JetBrains\IntelliJ IDEA 2022.1.4\workspace\community\target\classes started by lenovo in D:\JetBrains\IntelliJ IDEA 2022.1.4\workspace\community)
2023-11-27 20:06:06,376 INFO [restartedMain] c.n.c.CommunityApplication [SpringApplication.java:638] No active profile set, falling back to 1 default profile: "default"
2023-11-27 20:06:06,646 INFO [restartedMain] o.s.b.w.e.t.TomcatWebServer [TomcatWebServer.java:108] Tomcat initialized with port(s): 8080 (http)
2023-11-27 20:06:06,647 INFO [restartedMain] o.a.c.h.Http11NioProtocol [DirectJDKLog.java:173] Initializing ProtocolHandler ["http-nio-8080"]
2023-11-27 20:06:06,647 INFO [restartedMain] o.a.c.c.StandardService [DirectJDKLog.java:173] Starting service [Tomcat]
2023-11-27 20:06:06,647 INFO [restartedMain] o.a.c.c.StandardEngine [DirectJDKLog.java:173] Starting Servlet engine: [Apache Tomcat/10.1.15]
2023-11-27 20:06:06,684 INFO [restartedMain] o.a.c.c.C.[.[.[/community] [DirectJDKLog.java:173] Initializing Spring embedded WebApplicationContext
2023-11-27 20:06:06,685 INFO [restartedMain] o.s.b.w.s.c.ServletWebServerApplicationContext [ServletWebServerApplicationContext.java:291] Root WebApplicationContext: initialization completed in 307 ms
2023-11-27 20:06:06,817 INFO [restartedMain] o.s.b.a.w.s.WelcomePageHandlerMapping [WelcomePageHandlerMapping.java:59] Adding welcome page template: index
2023-11-27 20:06:06,872 INFO [restartedMain] o.s.b.d.a.OptionalLiveReloadServer [OptionalLiveReloadServer.java:59] LiveReload server is running on port 35729
2023-11-27 20:06:06,881 INFO [restartedMain] o.a.c.h.Http11NioProtocol [DirectJDKLog.java:173] Starting ProtocolHandler ["http-nio-8080"]
2023-11-27 20:06:06,885 INFO [restartedMain] o.s.b.w.e.t.TomcatWebServer [TomcatWebServer.java:220] Tomcat started on port(s): 8080 (http) with context path '/community'
2023-11-27 20:06:06,889 INFO [restartedMain] c.n.c.CommunityApplication [StartupInfoLogger.java:57] Started CommunityApplication in 0.554 seconds (process running for 1343.375)
2023-11-27 20:06:06,891 INFO [restartedMain] o.s.b.d.a.ConditionEvaluationDeltaLoggingListener [ConditionEvaluationDeltaLoggingListener.java:63] Condition evaluation unchanged
2023-11-27 20:06:12,455 INFO [File Watcher] o.s.b.d.a.LocalDevToolsAutoConfiguration$RestartingClassPathChangeChangedEventListener [LocalDevToolsAutoConfiguration.java:211] Restarting due to 1 class path change (1 addition, 0 deletions, 0 modifications)
2023-11-27 20:06:12,495 INFO [Thread-7] o.a.c.h.Http11NioProtocol [DirectJDKLog.java:173] Pausing ProtocolHandler ["http-nio-8080"]
2023-11-27 20:06:12,496 INFO [Thread-7] o.a.c.c.StandardService [DirectJDKLog.java:173] Stopping service [Tomcat]
2023-11-27 20:06:12,500 INFO [Thread-7] o.a.c.h.Http11NioProtocol [DirectJDKLog.java:173] Stopping ProtocolHandler ["http-nio-8080"]
2023-11-27 20:06:12,502 INFO [Thread-7] o.a.c.h.Http11NioProtocol [DirectJDKLog.java:173] Destroying ProtocolHandler ["http-nio-8080"]
2023-11-27 20:06:12,590 INFO [restartedMain] c.n.c.CommunityApplication [StartupInfoLogger.java:51] Starting CommunityApplication using Java 17.0.9 with PID 16224 (D:\JetBrains\IntelliJ IDEA 2022.1.4\workspace\community\target\classes started by lenovo in D:\JetBrains\IntelliJ IDEA 2022.1.4\workspace\community)
2023-11-27 20:06:12,590 INFO [restartedMain] c.n.c.CommunityApplication [SpringApplication.java:638] No active profile set, falling back to 1 default profile: "default"
2023-11-27 20:06:12,851 INFO [restartedMain] o.s.b.w.e.t.TomcatWebServer [TomcatWebServer.java:108] Tomcat initialized with port(s): 8080 (http)
2023-11-27 20:06:12,851 INFO [restartedMain] o.a.c.h.Http11NioProtocol [DirectJDKLog.java:173] Initializing ProtocolHandler ["http-nio-8080"]
2023-11-27 20:06:12,852 INFO [restartedMain] o.a.c.c.StandardService [DirectJDKLog.java:173] Starting service [Tomcat]
2023-11-27 20:06:12,853 INFO [restartedMain] o.a.c.c.StandardEngine [DirectJDKLog.java:173] Starting Servlet engine: [Apache Tomcat/10.1.15]
2023-11-27 20:06:12,891 INFO [restartedMain] o.a.c.c.C.[.[.[/community] [DirectJDKLog.java:173] Initializing Spring embedded WebApplicationContext
2023-11-27 20:06:12,891 INFO [restartedMain] o.s.b.w.s.c.ServletWebServerApplicationContext [ServletWebServerApplicationContext.java:291] Root WebApplicationContext: initialization completed in 298 ms
2023-11-27 20:06:13,010 INFO [restartedMain] o.s.b.a.w.s.WelcomePageHandlerMapping [WelcomePageHandlerMapping.java:59] Adding welcome page template: index
2023-11-27 20:06:13,048 INFO [restartedMain] o.s.b.d.a.OptionalLiveReloadServer [OptionalLiveReloadServer.java:59] LiveReload server is running on port 35729
2023-11-27 20:06:13,058 INFO [restartedMain] o.a.c.h.Http11NioProtocol [DirectJDKLog.java:173] Starting ProtocolHandler ["http-nio-8080"]
2023-11-27 20:06:13,064 INFO [restartedMain] o.s.b.w.e.t.TomcatWebServer [TomcatWebServer.java:220] Tomcat started on port(s): 8080 (http) with context path '/community'
2023-11-27 20:06:13,068 INFO [restartedMain] c.n.c.CommunityApplication [StartupInfoLogger.java:57] Started CommunityApplication in 0.511 seconds (process running for 1349.555)
2023-11-27 20:06:13,070 INFO [restartedMain] o.s.b.d.a.ConditionEvaluationDeltaLoggingListener [ConditionEvaluationDeltaLoggingListener.java:63] Condition evaluation unchanged
2023-11-27 20:06:33,806 INFO [http-nio-8080-exec-1] o.a.c.c.C.[.[.[/community] [DirectJDKLog.java:173] Initializing Spring DispatcherServlet 'dispatcherServlet'
2023-11-27 20:06:33,806 INFO [http-nio-8080-exec-1] o.s.w.s.DispatcherServlet [FrameworkServlet.java:532] Initializing Servlet 'dispatcherServlet'
2023-11-27 20:06:33,808 INFO [http-nio-8080-exec-1] o.s.w.s.DispatcherServlet [FrameworkServlet.java:554] Completed initialization in 1 ms
2023-11-27 20:07:34,910 INFO [File Watcher] o.s.b.d.a.LocalDevToolsAutoConfiguration$RestartingClassPathChangeChangedEventListener [LocalDevToolsAutoConfiguration.java:211] Restarting due to 57 class path changes (0 additions, 57 deletions, 0 modifications)
2023-11-27 20:07:35,010 INFO [Thread-11] o.a.c.h.Http11NioProtocol [DirectJDKLog.java:173] Pausing ProtocolHandler ["http-nio-8080"]
2023-11-27 20:07:35,011 INFO [Thread-11] o.a.c.c.StandardService [DirectJDKLog.java:173] Stopping service [Tomcat]
2023-11-27 20:07:35,012 INFO [Thread-11] o.a.c.c.C.[.[.[/community] [DirectJDKLog.java:173] Destroying Spring FrameworkServlet 'dispatcherServlet'
2023-11-27 20:07:35,019 INFO [Thread-11] o.a.c.h.Http11NioProtocol [DirectJDKLog.java:173] Stopping ProtocolHandler ["http-nio-8080"]
2023-11-27 20:07:35,023 INFO [Thread-11] o.a.c.h.Http11NioProtocol [DirectJDKLog.java:173] Destroying ProtocolHandler ["http-nio-8080"]
2023-11-27 20:07:51,160 INFO [restartedMain] c.n.c.CommunityApplication [StartupInfoLogger.java:51] Starting CommunityApplication using Java 17.0.9 with PID 22336 (D:\JetBrains\IntelliJ IDEA 2022.1.4\workspace\community\target\classes started by lenovo in D:\JetBrains\IntelliJ IDEA 2022.1.4\workspace\community)
2023-11-27 20:07:51,163 INFO [restartedMain] c.n.c.CommunityApplication [SpringApplication.java:638] No active profile set, falling back to 1 default profile: "default"
2023-11-27 20:07:51,270 INFO [restartedMain] o.s.b.d.e.DevToolsPropertyDefaultsPostProcessor [DeferredLog.java:250] Devtools property defaults active! Set 'spring.devtools.add-properties' to 'false' to disable
2023-11-27 20:07:51,271 INFO [restartedMain] o.s.b.d.e.DevToolsPropertyDefaultsPostProcessor [DeferredLog.java:250] For additional web related logging consider setting the 'logging.level.web' property to 'DEBUG'
2023-11-27 20:07:52,537 INFO [restartedMain] o.s.b.w.e.t.TomcatWebServer [TomcatWebServer.java:108] Tomcat initialized with port(s): 8080 (http)
2023-11-27 20:07:52,545 INFO [restartedMain] o.a.c.h.Http11NioProtocol [DirectJDKLog.java:173] Initializing ProtocolHandler ["http-nio-8080"]
2023-11-27 20:07:52,547 INFO [restartedMain] o.a.c.c.StandardService [DirectJDKLog.java:173] Starting service [Tomcat]
2023-11-27 20:07:52,547 INFO [restartedMain] o.a.c.c.StandardEngine [DirectJDKLog.java:173] Starting Servlet engine: [Apache Tomcat/10.1.15]
2023-11-27 20:07:52,632 INFO [restartedMain] o.a.c.c.C.[.[.[/community] [DirectJDKLog.java:173] Initializing Spring embedded WebApplicationContext
2023-11-27 20:07:52,632 INFO [restartedMain] o.s.b.w.s.c.ServletWebServerApplicationContext [ServletWebServerApplicationContext.java:291] Root WebApplicationContext: initialization completed in 1359 ms
2023-11-27 20:07:53,151 INFO [restartedMain] o.s.b.a.w.s.WelcomePageHandlerMapping [WelcomePageHandlerMapping.java:59] Adding welcome page template: index
2023-11-27 20:07:53,319 INFO [restartedMain] o.s.b.d.a.OptionalLiveReloadServer [OptionalLiveReloadServer.java:59] LiveReload server is running on port 35729
2023-11-27 20:07:53,339 INFO [restartedMain] o.a.c.h.Http11NioProtocol [DirectJDKLog.java:173] Starting ProtocolHandler ["http-nio-8080"]
2023-11-27 20:07:53,363 INFO [restartedMain] o.s.b.w.e.t.TomcatWebServer [TomcatWebServer.java:220] Tomcat started on port(s): 8080 (http) with context path '/community'
2023-11-27 20:07:53,375 INFO [restartedMain] c.n.c.CommunityApplication [StartupInfoLogger.java:57] Started CommunityApplication in 2.942 seconds (process running for 4.292)
2023-11-27 20:07:58,853 INFO [http-nio-8080-exec-1] o.a.c.c.C.[.[.[/community] [DirectJDKLog.java:173] Initializing Spring DispatcherServlet 'dispatcherServlet'
2023-11-27 20:07:58,854 INFO [http-nio-8080-exec-1] o.s.w.s.DispatcherServlet [FrameworkServlet.java:532] Initializing Servlet 'dispatcherServlet'
2023-11-27 20:07:58,855 INFO [http-nio-8080-exec-1] o.s.w.s.DispatcherServlet [FrameworkServlet.java:554] Completed initialization in 1 ms
2023-11-27 20:52:01,754 INFO [File Watcher] o.s.b.d.a.LocalDevToolsAutoConfiguration$RestartingClassPathChangeChangedEventListener [LocalDevToolsAutoConfiguration.java:211] Restarting due to 1 class path change (1 addition, 0 deletions, 0 modifications)
2023-11-27 20:52:01,798 INFO [Thread-5] o.a.c.h.Http11NioProtocol [DirectJDKLog.java:173] Pausing ProtocolHandler ["http-nio-8080"]
2023-11-27 20:52:01,799 INFO [Thread-5] o.a.c.c.StandardService [DirectJDKLog.java:173] Stopping service [Tomcat]
2023-11-27 20:52:01,800 INFO [Thread-5] o.a.c.c.C.[.[.[/community] [DirectJDKLog.java:173] Destroying Spring FrameworkServlet 'dispatcherServlet'
2023-11-27 20:52:01,808 INFO [Thread-5] o.a.c.h.Http11NioProtocol [DirectJDKLog.java:173] Stopping ProtocolHandler ["http-nio-8080"]
2023-11-27 20:52:01,810 INFO [Thread-5] o.a.c.h.Http11NioProtocol [DirectJDKLog.java:173] Destroying ProtocolHandler ["http-nio-8080"]
2023-11-27 20:52:01,919 INFO [restartedMain] c.n.c.CommunityApplication [StartupInfoLogger.java:51] Starting CommunityApplication using Java 17.0.9 with PID 22336 (D:\JetBrains\IntelliJ IDEA 2022.1.4\workspace\community\target\classes started by lenovo in D:\JetBrains\IntelliJ IDEA 2022.1.4\workspace\community)
2023-11-27 20:52:01,919 INFO [restartedMain] c.n.c.CommunityApplication [SpringApplication.java:638] No active profile set, falling back to 1 default profile: "default"
2023-11-27 20:52:02,294 INFO [restartedMain] o.s.b.w.e.t.TomcatWebServer [TomcatWebServer.java:108] Tomcat initialized with port(s): 8080 (http)
2023-11-27 20:52:02,294 INFO [restartedMain] o.a.c.h.Http11NioProtocol [DirectJDKLog.java:173] Initializing ProtocolHandler ["http-nio-8080"]
2023-11-27 20:52:02,295 INFO [restartedMain] o.a.c.c.StandardService [DirectJDKLog.java:173] Starting service [Tomcat]
2023-11-27 20:52:02,295 INFO [restartedMain] o.a.c.c.StandardEngine [DirectJDKLog.java:173] Starting Servlet engine: [Apache Tomcat/10.1.15]
2023-11-27 20:52:02,336 INFO [restartedMain] o.a.c.c.C.[.[.[/community] [DirectJDKLog.java:173] Initializing Spring embedded WebApplicationContext
2023-11-27 20:52:02,337 INFO [restartedMain] o.s.b.w.s.c.ServletWebServerApplicationContext [ServletWebServerApplicationContext.java:291] Root WebApplicationContext: initialization completed in 414 ms
2023-11-27 20:52:02,416 INFO [restartedMain] o.a.c.c.StandardService [DirectJDKLog.java:173] Stopping service [Tomcat]
2023-11-27 20:52:02,426 INFO [restartedMain] o.s.b.a.l.ConditionEvaluationReportLogger [ConditionEvaluationReportLogger.java:82] 

Error starting ApplicationContext. To display the condition evaluation report re-run your application with 'debug' enabled.
2023-11-27 20:52:07,531 INFO [restartedMain] c.n.c.CommunityApplication [StartupInfoLogger.java:51] Starting CommunityApplication using Java 17.0.9 with PID 22336 (D:\JetBrains\IntelliJ IDEA 2022.1.4\workspace\community\target\classes started by lenovo in D:\JetBrains\IntelliJ IDEA 2022.1.4\workspace\community)
2023-11-27 20:52:07,532 INFO [restartedMain] c.n.c.CommunityApplication [SpringApplication.java:638] No active profile set, falling back to 1 default profile: "default"
2023-11-27 20:52:07,864 INFO [restartedMain] o.s.b.w.e.t.TomcatWebServer [TomcatWebServer.java:108] Tomcat initialized with port(s): 8080 (http)
2023-11-27 20:52:07,866 INFO [restartedMain] o.a.c.h.Http11NioProtocol [DirectJDKLog.java:173] Initializing ProtocolHandler ["http-nio-8080"]
2023-11-27 20:52:07,866 INFO [restartedMain] o.a.c.c.StandardService [DirectJDKLog.java:173] Starting service [Tomcat]
2023-11-27 20:52:07,867 INFO [restartedMain] o.a.c.c.StandardEngine [DirectJDKLog.java:173] Starting Servlet engine: [Apache Tomcat/10.1.15]
2023-11-27 20:52:07,906 INFO [restartedMain] o.a.c.c.C.[.[.[/community] [DirectJDKLog.java:173] Initializing Spring embedded WebApplicationContext
2023-11-27 20:52:07,907 INFO [restartedMain] o.s.b.w.s.c.ServletWebServerApplicationContext [ServletWebServerApplicationContext.java:291] Root WebApplicationContext: initialization completed in 372 ms
2023-11-27 20:52:07,964 INFO [restartedMain] o.a.c.c.StandardService [DirectJDKLog.java:173] Stopping service [Tomcat]
2023-11-27 20:52:07,972 INFO [restartedMain] o.s.b.a.l.ConditionEvaluationReportLogger [ConditionEvaluationReportLogger.java:82] 

Error starting ApplicationContext. To display the condition evaluation report re-run your application with 'debug' enabled.
2023-11-27 20:52:22,721 INFO [main] c.n.c.MapperTests [StartupInfoLogger.java:51] Starting MapperTests using Java 17.0.9 with PID 18896 (started by lenovo in D:\JetBrains\IntelliJ IDEA 2022.1.4\workspace\community)
2023-11-27 20:52:22,726 INFO [main] c.n.c.MapperTests [SpringApplication.java:638] No active profile set, falling back to 1 default profile: "default"
2023-11-27 20:52:24,770 INFO [main] o.s.b.a.l.ConditionEvaluationReportLogger [ConditionEvaluationReportLogger.java:82] 

Error starting ApplicationContext. To display the condition evaluation report re-run your application with 'debug' enabled.
2023-11-27 20:53:22,962 INFO [restartedMain] c.n.c.CommunityApplication [StartupInfoLogger.java:51] Starting CommunityApplication using Java 17.0.9 with PID 22336 (D:\JetBrains\IntelliJ IDEA 2022.1.4\workspace\community\target\classes started by lenovo in D:\JetBrains\IntelliJ IDEA 2022.1.4\workspace\community)
2023-11-27 20:53:22,962 INFO [restartedMain] c.n.c.CommunityApplication [SpringApplication.java:638] No active profile set, falling back to 1 default profile: "default"
2023-11-27 20:53:23,238 INFO [restartedMain] o.s.b.w.e.t.TomcatWebServer [TomcatWebServer.java:108] Tomcat initialized with port(s): 8080 (http)
2023-11-27 20:53:23,239 INFO [restartedMain] o.a.c.c.StandardService [DirectJDKLog.java:173] Starting service [Tomcat]
2023-11-27 20:53:23,240 INFO [restartedMain] o.a.c.c.StandardEngine [DirectJDKLog.java:173] Starting Servlet engine: [Apache Tomcat/10.1.15]
2023-11-27 20:53:23,284 INFO [restartedMain] o.a.c.c.C.[.[.[/community] [DirectJDKLog.java:173] Initializing Spring embedded WebApplicationContext
2023-11-27 20:53:23,284 INFO [restartedMain] o.s.b.w.s.c.ServletWebServerApplicationContext [ServletWebServerApplicationContext.java:291] Root WebApplicationContext: initialization completed in 318 ms
2023-11-27 20:53:23,333 INFO [restartedMain] o.s.b.a.w.s.WelcomePageHandlerMapping [WelcomePageHandlerMapping.java:59] Adding welcome page template: index
2023-11-27 20:53:23,398 INFO [restartedMain] o.a.c.c.StandardService [DirectJDKLog.java:173] Stopping service [Tomcat]
2023-11-27 20:53:23,405 INFO [restartedMain] o.s.b.a.l.ConditionEvaluationReportLogger [ConditionEvaluationReportLogger.java:82] 

Error starting ApplicationContext. To display the condition evaluation report re-run your application with 'debug' enabled.
2023-11-27 20:53:30,029 INFO [restartedMain] c.n.c.CommunityApplication [StartupInfoLogger.java:51] Starting CommunityApplication using Java 17.0.9 with PID 22336 (D:\JetBrains\IntelliJ IDEA 2022.1.4\workspace\community\target\classes started by lenovo in D:\JetBrains\IntelliJ IDEA 2022.1.4\workspace\community)
2023-11-27 20:53:30,029 INFO [restartedMain] c.n.c.CommunityApplication [SpringApplication.java:638] No active profile set, falling back to 1 default profile: "default"
2023-11-27 20:53:30,342 INFO [restartedMain] o.s.b.w.e.t.TomcatWebServer [TomcatWebServer.java:108] Tomcat initialized with port(s): 8080 (http)
2023-11-27 20:53:30,343 INFO [restartedMain] o.a.c.c.StandardService [DirectJDKLog.java:173] Starting service [Tomcat]
2023-11-27 20:53:30,343 INFO [restartedMain] o.a.c.c.StandardEngine [DirectJDKLog.java:173] Starting Servlet engine: [Apache Tomcat/10.1.15]
2023-11-27 20:53:30,384 INFO [restartedMain] o.a.c.c.C.[.[.[/community] [DirectJDKLog.java:173] Initializing Spring embedded WebApplicationContext
2023-11-27 20:53:30,384 INFO [restartedMain] o.s.b.w.s.c.ServletWebServerApplicationContext [ServletWebServerApplicationContext.java:291] Root WebApplicationContext: initialization completed in 352 ms
2023-11-27 20:53:30,522 INFO [restartedMain] o.s.b.a.w.s.WelcomePageHandlerMapping [WelcomePageHandlerMapping.java:59] Adding welcome page template: index
2023-11-27 20:53:30,582 INFO [restartedMain] o.s.b.d.a.OptionalLiveReloadServer [OptionalLiveReloadServer.java:59] LiveReload server is running on port 35729
2023-11-27 20:53:30,597 INFO [restartedMain] o.s.b.w.e.t.TomcatWebServer [TomcatWebServer.java:220] Tomcat started on port(s): 8080 (http) with context path '/community'
2023-11-27 20:53:30,607 INFO [restartedMain] c.n.c.CommunityApplication [StartupInfoLogger.java:57] Started CommunityApplication in 0.619 seconds (process running for 2741.524)
2023-11-27 20:53:30,609 INFO [restartedMain] o.s.b.d.a.ConditionEvaluationDeltaLoggingListener [ConditionEvaluationDeltaLoggingListener.java:63] Condition evaluation unchanged
2023-11-27 20:53:36,024 INFO [main] c.n.c.MapperTests [StartupInfoLogger.java:51] Starting MapperTests using Java 17.0.9 with PID 19972 (started by lenovo in D:\JetBrains\IntelliJ IDEA 2022.1.4\workspace\community)
2023-11-27 20:53:36,030 INFO [main] c.n.c.MapperTests [SpringApplication.java:638] No active profile set, falling back to 1 default profile: "default"
2023-11-27 20:53:38,983 INFO [main] o.s.b.a.w.s.WelcomePageHandlerMapping [WelcomePageHandlerMapping.java:59] Adding welcome page template: index
2023-11-27 20:53:39,310 INFO [main] c.n.c.MapperTests [StartupInfoLogger.java:57] Started MapperTests in 4.103 seconds (process running for 5.753)
2023-11-27 20:53:41,249 INFO [main] c.z.h.HikariDataSource [HikariDataSource.java:110] HikariPool-1 - Starting...
2023-11-27 20:53:41,577 INFO [main] c.z.h.p.HikariPool [HikariPool.java:565] HikariPool-1 - Added connection com.mysql.cj.jdbc.ConnectionImpl@29188050
2023-11-27 20:53:41,580 INFO [main] c.z.h.HikariDataSource [HikariDataSource.java:123] HikariPool-1 - Start completed.
2023-11-27 20:53:41,893 INFO [SpringApplicationShutdownHook] c.z.h.HikariDataSource [HikariDataSource.java:350] HikariPool-1 - Shutdown initiated...
2023-11-27 20:53:41,906 INFO [SpringApplicationShutdownHook] c.z.h.HikariDataSource [HikariDataSource.java:352] HikariPool-1 - Shutdown completed.
2023-11-27 20:54:02,423 INFO [main] c.n.c.MapperTests [StartupInfoLogger.java:51] Starting MapperTests using Java 17.0.9 with PID 21508 (started by lenovo in D:\JetBrains\IntelliJ IDEA 2022.1.4\workspace\community)
2023-11-27 20:54:02,428 INFO [main] c.n.c.MapperTests [SpringApplication.java:638] No active profile set, falling back to 1 default profile: "default"
2023-11-27 20:54:05,191 INFO [main] o.s.b.a.w.s.WelcomePageHandlerMapping [WelcomePageHandlerMapping.java:59] Adding welcome page template: index
2023-11-27 20:54:05,439 INFO [main] c.n.c.MapperTests [StartupInfoLogger.java:57] Started MapperTests in 3.883 seconds (process running for 5.245)
2023-11-27 20:54:07,045 INFO [main] c.z.h.HikariDataSource [HikariDataSource.java:110] HikariPool-1 - Starting...
2023-11-27 20:54:07,367 INFO [main] c.z.h.p.HikariPool [HikariPool.java:565] HikariPool-1 - Added connection com.mysql.cj.jdbc.ConnectionImpl@398f0516
2023-11-27 20:54:07,370 INFO [main] c.z.h.HikariDataSource [HikariDataSource.java:123] HikariPool-1 - Start completed.
2023-11-27 20:54:07,557 INFO [SpringApplicationShutdownHook] c.z.h.HikariDataSource [HikariDataSource.java:350] HikariPool-1 - Shutdown initiated...
2023-11-27 20:54:07,567 INFO [SpringApplicationShutdownHook] c.z.h.HikariDataSource [HikariDataSource.java:352] HikariPool-1 - Shutdown completed.
2023-11-27 21:02:03,364 INFO [main] c.n.c.MapperTests [StartupInfoLogger.java:51] Starting MapperTests using Java 17.0.9 with PID 14716 (started by lenovo in D:\JetBrains\IntelliJ IDEA 2022.1.4\workspace\community)
2023-11-27 21:02:03,367 INFO [main] c.n.c.MapperTests [SpringApplication.java:638] No active profile set, falling back to 1 default profile: "default"
2023-11-27 21:02:06,075 INFO [main] o.s.b.a.w.s.WelcomePageHandlerMapping [WelcomePageHandlerMapping.java:59] Adding welcome page template: index
2023-11-27 21:02:06,378 INFO [main] c.n.c.MapperTests [StartupInfoLogger.java:57] Started MapperTests in 3.794 seconds (process running for 5.172)
2023-11-27 21:02:08,074 INFO [main] c.z.h.HikariDataSource [HikariDataSource.java:110] HikariPool-1 - Starting...
2023-11-27 21:02:08,420 INFO [main] c.z.h.p.HikariPool [HikariPool.java:565] HikariPool-1 - Added connection com.mysql.cj.jdbc.ConnectionImpl@1dcca426
2023-11-27 21:02:08,427 INFO [main] c.z.h.HikariDataSource [HikariDataSource.java:123] HikariPool-1 - Start completed.
2023-11-27 21:02:08,533 INFO [SpringApplicationShutdownHook] c.z.h.HikariDataSource [HikariDataSource.java:350] HikariPool-1 - Shutdown initiated...
2023-11-27 21:02:08,563 INFO [SpringApplicationShutdownHook] c.z.h.HikariDataSource [HikariDataSource.java:352] HikariPool-1 - Shutdown completed.
2023-11-27 21:13:04,410 INFO [main] c.n.c.MapperTests [StartupInfoLogger.java:51] Starting MapperTests using Java 17.0.9 with PID 22520 (started by lenovo in D:\JetBrains\IntelliJ IDEA 2022.1.4\workspace\community)
2023-11-27 21:13:04,414 INFO [main] c.n.c.MapperTests [SpringApplication.java:638] No active profile set, falling back to 1 default profile: "default"
2023-11-27 21:13:07,122 INFO [main] o.s.b.a.w.s.WelcomePageHandlerMapping [WelcomePageHandlerMapping.java:59] Adding welcome page template: index
2023-11-27 21:13:07,409 INFO [main] c.n.c.MapperTests [StartupInfoLogger.java:57] Started MapperTests in 3.744 seconds (process running for 5.12)
2023-11-27 21:13:09,280 INFO [main] c.z.h.HikariDataSource [HikariDataSource.java:110] HikariPool-1 - Starting...
2023-11-27 21:13:09,599 INFO [main] c.z.h.p.HikariPool [HikariPool.java:565] HikariPool-1 - Added connection com.mysql.cj.jdbc.ConnectionImpl@7bbd76b8
2023-11-27 21:13:09,603 INFO [main] c.z.h.HikariDataSource [HikariDataSource.java:123] HikariPool-1 - Start completed.
2023-11-27 21:13:09,755 INFO [SpringApplicationShutdownHook] c.z.h.HikariDataSource [HikariDataSource.java:350] HikariPool-1 - Shutdown initiated...
2023-11-27 21:13:09,767 INFO [SpringApplicationShutdownHook] c.z.h.HikariDataSource [HikariDataSource.java:352] HikariPool-1 - Shutdown completed.
2023-11-27 21:13:31,049 INFO [main] c.n.c.MapperTests [StartupInfoLogger.java:51] Starting MapperTests using Java 17.0.9 with PID 16392 (started by lenovo in D:\JetBrains\IntelliJ IDEA 2022.1.4\workspace\community)
2023-11-27 21:13:31,052 INFO [main] c.n.c.MapperTests [SpringApplication.java:638] No active profile set, falling back to 1 default profile: "default"
2023-11-27 21:13:33,786 INFO [main] o.s.b.a.w.s.WelcomePageHandlerMapping [WelcomePageHandlerMapping.java:59] Adding welcome page template: index
2023-11-27 21:13:34,064 INFO [main] c.n.c.MapperTests [StartupInfoLogger.java:57] Started MapperTests in 3.825 seconds (process running for 5.267)
2023-11-27 21:13:35,776 INFO [main] c.z.h.HikariDataSource [HikariDataSource.java:110] HikariPool-1 - Starting...
2023-11-27 21:13:36,133 INFO [main] c.z.h.p.HikariPool [HikariPool.java:565] HikariPool-1 - Added connection com.mysql.cj.jdbc.ConnectionImpl@1dcca426
2023-11-27 21:13:36,135 INFO [main] c.z.h.HikariDataSource [HikariDataSource.java:123] HikariPool-1 - Start completed.
2023-11-27 21:13:36,243 INFO [SpringApplicationShutdownHook] c.z.h.HikariDataSource [HikariDataSource.java:350] HikariPool-1 - Shutdown initiated...
2023-11-27 21:13:36,269 INFO [SpringApplicationShutdownHook] c.z.h.HikariDataSource [HikariDataSource.java:352] HikariPool-1 - Shutdown completed.
2023-11-27 21:14:54,017 INFO [main] c.n.c.MapperTests [StartupInfoLogger.java:51] Starting MapperTests using Java 17.0.9 with PID 8768 (started by lenovo in D:\JetBrains\IntelliJ IDEA 2022.1.4\workspace\community)
2023-11-27 21:14:54,019 INFO [main] c.n.c.MapperTests [SpringApplication.java:638] No active profile set, falling back to 1 default profile: "default"
2023-11-27 21:14:56,679 INFO [main] o.s.b.a.w.s.WelcomePageHandlerMapping [WelcomePageHandlerMapping.java:59] Adding welcome page template: index
2023-11-27 21:14:56,949 INFO [main] c.n.c.MapperTests [StartupInfoLogger.java:57] Started MapperTests in 3.728 seconds (process running for 5.186)
2023-11-27 21:14:58,659 INFO [main] c.z.h.HikariDataSource [HikariDataSource.java:110] HikariPool-1 - Starting...
2023-11-27 21:14:59,012 INFO [main] c.z.h.p.HikariPool [HikariPool.java:565] HikariPool-1 - Added connection com.mysql.cj.jdbc.ConnectionImpl@1dcca426
2023-11-27 21:14:59,015 INFO [main] c.z.h.HikariDataSource [HikariDataSource.java:123] HikariPool-1 - Start completed.
2023-11-27 21:14:59,118 INFO [SpringApplicationShutdownHook] c.z.h.HikariDataSource [HikariDataSource.java:350] HikariPool-1 - Shutdown initiated...
2023-11-27 21:14:59,134 INFO [SpringApplicationShutdownHook] c.z.h.HikariDataSource [HikariDataSource.java:352] HikariPool-1 - Shutdown completed.
2023-11-27 21:16:29,716 INFO [File Watcher] o.s.b.d.a.LocalDevToolsAutoConfiguration$RestartingClassPathChangeChangedEventListener [LocalDevToolsAutoConfiguration.java:211] Restarting due to 1 class path change (0 additions, 0 deletions, 1 modification)
2023-11-27 21:16:29,763 INFO [Thread-7] o.a.c.c.StandardService [DirectJDKLog.java:173] Stopping service [Tomcat]
2023-11-27 21:16:29,878 INFO [restartedMain] c.n.c.CommunityApplication [StartupInfoLogger.java:51] Starting CommunityApplication using Java 17.0.9 with PID 22336 (D:\JetBrains\IntelliJ IDEA 2022.1.4\workspace\community\target\classes started by lenovo in D:\JetBrains\IntelliJ IDEA 2022.1.4\workspace\community)
2023-11-27 21:16:29,878 INFO [restartedMain] c.n.c.CommunityApplication [SpringApplication.java:638] No active profile set, falling back to 1 default profile: "default"
2023-11-27 21:16:30,205 INFO [restartedMain] o.s.b.w.e.t.TomcatWebServer [TomcatWebServer.java:108] Tomcat initialized with port(s): 8080 (http)
2023-11-27 21:16:30,205 INFO [restartedMain] o.a.c.c.StandardService [DirectJDKLog.java:173] Starting service [Tomcat]
2023-11-27 21:16:30,206 INFO [restartedMain] o.a.c.c.StandardEngine [DirectJDKLog.java:173] Starting Servlet engine: [Apache Tomcat/10.1.15]
2023-11-27 21:16:30,244 INFO [restartedMain] o.a.c.c.C.[.[.[/community] [DirectJDKLog.java:173] Initializing Spring embedded WebApplicationContext
2023-11-27 21:16:30,244 INFO [restartedMain] o.s.b.w.s.c.ServletWebServerApplicationContext [ServletWebServerApplicationContext.java:291] Root WebApplicationContext: initialization completed in 361 ms
2023-11-27 21:16:30,391 INFO [restartedMain] o.s.b.a.w.s.WelcomePageHandlerMapping [WelcomePageHandlerMapping.java:59] Adding welcome page template: index
2023-11-27 21:16:30,461 INFO [restartedMain] o.s.b.d.a.OptionalLiveReloadServer [OptionalLiveReloadServer.java:59] LiveReload server is running on port 35729
2023-11-27 21:16:30,486 INFO [restartedMain] o.s.b.w.e.t.TomcatWebServer [TomcatWebServer.java:220] Tomcat started on port(s): 8080 (http) with context path '/community'
2023-11-27 21:16:30,495 INFO [restartedMain] c.n.c.CommunityApplication [StartupInfoLogger.java:57] Started CommunityApplication in 0.661 seconds (process running for 4121.412)
2023-11-27 21:16:30,497 INFO [restartedMain] o.s.b.d.a.ConditionEvaluationDeltaLoggingListener [ConditionEvaluationDeltaLoggingListener.java:63] Condition evaluation unchanged
2023-11-27 21:16:37,699 INFO [main] c.n.c.MapperTests [StartupInfoLogger.java:51] Starting MapperTests using Java 17.0.9 with PID 5440 (started by lenovo in D:\JetBrains\IntelliJ IDEA 2022.1.4\workspace\community)
2023-11-27 21:16:37,701 INFO [main] c.n.c.MapperTests [SpringApplication.java:638] No active profile set, falling back to 1 default profile: "default"
2023-11-27 21:16:40,472 INFO [main] o.s.b.a.w.s.WelcomePageHandlerMapping [WelcomePageHandlerMapping.java:59] Adding welcome page template: index
2023-11-27 21:16:40,736 INFO [main] c.n.c.MapperTests [StartupInfoLogger.java:57] Started MapperTests in 3.883 seconds (process running for 5.3)
2023-11-27 21:16:42,247 INFO [main] c.z.h.HikariDataSource [HikariDataSource.java:110] HikariPool-1 - Starting...
2023-11-27 21:16:42,616 INFO [main] c.z.h.p.HikariPool [HikariPool.java:565] HikariPool-1 - Added connection com.mysql.cj.jdbc.ConnectionImpl@6f65aa58
2023-11-27 21:16:42,618 INFO [main] c.z.h.HikariDataSource [HikariDataSource.java:123] HikariPool-1 - Start completed.
2023-11-27 21:16:42,704 INFO [SpringApplicationShutdownHook] c.z.h.HikariDataSource [HikariDataSource.java:350] HikariPool-1 - Shutdown initiated...
2023-11-27 21:16:42,714 INFO [SpringApplicationShutdownHook] c.z.h.HikariDataSource [HikariDataSource.java:352] HikariPool-1 - Shutdown completed.
2023-11-27 21:17:36,314 INFO [main] c.n.c.MapperTests [StartupInfoLogger.java:51] Starting MapperTests using Java 17.0.9 with PID 19960 (started by lenovo in D:\JetBrains\IntelliJ IDEA 2022.1.4\workspace\community)
2023-11-27 21:17:36,318 INFO [main] c.n.c.MapperTests [SpringApplication.java:638] No active profile set, falling back to 1 default profile: "default"
2023-11-27 21:17:38,970 INFO [main] o.s.b.a.w.s.WelcomePageHandlerMapping [WelcomePageHandlerMapping.java:59] Adding welcome page template: index
2023-11-27 21:17:39,232 INFO [main] c.n.c.MapperTests [StartupInfoLogger.java:57] Started MapperTests in 3.74 seconds (process running for 5.099)
2023-11-27 21:17:40,876 INFO [main] c.z.h.HikariDataSource [HikariDataSource.java:110] HikariPool-1 - Starting...
2023-11-27 21:17:41,202 INFO [main] c.z.h.p.HikariPool [HikariPool.java:565] HikariPool-1 - Added connection com.mysql.cj.jdbc.ConnectionImpl@1b4ba615
2023-11-27 21:17:41,204 INFO [main] c.z.h.HikariDataSource [HikariDataSource.java:123] HikariPool-1 - Start completed.
2023-11-27 21:17:41,312 INFO [SpringApplicationShutdownHook] c.z.h.HikariDataSource [HikariDataSource.java:350] HikariPool-1 - Shutdown initiated...
2023-11-27 21:17:41,331 INFO [SpringApplicationShutdownHook] c.z.h.HikariDataSource [HikariDataSource.java:352] HikariPool-1 - Shutdown completed.
2023-11-27 21:18:22,800 INFO [main] c.n.c.MapperTests [StartupInfoLogger.java:51] Starting MapperTests using Java 17.0.9 with PID 11288 (started by lenovo in D:\JetBrains\IntelliJ IDEA 2022.1.4\workspace\community)
2023-11-27 21:18:22,805 INFO [main] c.n.c.MapperTests [SpringApplication.java:638] No active profile set, falling back to 1 default profile: "default"
2023-11-27 21:18:25,619 INFO [main] o.s.b.a.w.s.WelcomePageHandlerMapping [WelcomePageHandlerMapping.java:59] Adding welcome page template: index
2023-11-27 21:18:33,278 INFO [File Watcher] o.s.b.d.a.LocalDevToolsAutoConfiguration$RestartingClassPathChangeChangedEventListener [LocalDevToolsAutoConfiguration.java:211] Restarting due to 60 class path changes (0 additions, 60 deletions, 0 modifications)
2023-11-27 21:18:33,310 INFO [Thread-23] o.a.c.c.StandardService [DirectJDKLog.java:173] Stopping service [Tomcat]
2023-11-27 21:18:56,828 INFO [restartedMain] c.n.c.CommunityApplication [StartupInfoLogger.java:51] Starting CommunityApplication using Java 17.0.9 with PID 8304 (D:\JetBrains\IntelliJ IDEA 2022.1.4\workspace\community\target\classes started by lenovo in D:\JetBrains\IntelliJ IDEA 2022.1.4\workspace\community)
2023-11-27 21:18:56,831 INFO [restartedMain] c.n.c.CommunityApplication [SpringApplication.java:638] No active profile set, falling back to 1 default profile: "default"
2023-11-27 21:18:56,930 INFO [restartedMain] o.s.b.d.e.DevToolsPropertyDefaultsPostProcessor [DeferredLog.java:250] Devtools property defaults active! Set 'spring.devtools.add-properties' to 'false' to disable
2023-11-27 21:18:56,931 INFO [restartedMain] o.s.b.d.e.DevToolsPropertyDefaultsPostProcessor [DeferredLog.java:250] For additional web related logging consider setting the 'logging.level.web' property to 'DEBUG'
2023-11-27 21:18:58,064 INFO [restartedMain] o.s.b.w.e.t.TomcatWebServer [TomcatWebServer.java:108] Tomcat initialized with port(s): 8080 (http)
2023-11-27 21:18:58,071 INFO [restartedMain] o.a.c.h.Http11NioProtocol [DirectJDKLog.java:173] Initializing ProtocolHandler ["http-nio-8080"]
2023-11-27 21:18:58,073 INFO [restartedMain] o.a.c.c.StandardService [DirectJDKLog.java:173] Starting service [Tomcat]
2023-11-27 21:18:58,074 INFO [restartedMain] o.a.c.c.StandardEngine [DirectJDKLog.java:173] Starting Servlet engine: [Apache Tomcat/10.1.15]
2023-11-27 21:18:58,165 INFO [restartedMain] o.a.c.c.C.[.[.[/community] [DirectJDKLog.java:173] Initializing Spring embedded WebApplicationContext
2023-11-27 21:18:58,165 INFO [restartedMain] o.s.b.w.s.c.ServletWebServerApplicationContext [ServletWebServerApplicationContext.java:291] Root WebApplicationContext: initialization completed in 1230 ms
2023-11-27 21:18:58,702 INFO [restartedMain] o.s.b.a.w.s.WelcomePageHandlerMapping [WelcomePageHandlerMapping.java:59] Adding welcome page template: index
2023-11-27 21:18:58,883 INFO [restartedMain] o.s.b.d.a.OptionalLiveReloadServer [OptionalLiveReloadServer.java:59] LiveReload server is running on port 35729
2023-11-27 21:18:58,906 INFO [restartedMain] o.a.c.h.Http11NioProtocol [DirectJDKLog.java:173] Starting ProtocolHandler ["http-nio-8080"]
2023-11-27 21:18:58,936 INFO [restartedMain] o.s.b.w.e.t.TomcatWebServer [TomcatWebServer.java:220] Tomcat started on port(s): 8080 (http) with context path '/community'
2023-11-27 21:18:58,949 INFO [restartedMain] c.n.c.CommunityApplication [StartupInfoLogger.java:57] Started CommunityApplication in 2.767 seconds (process running for 3.895)
2023-11-27 21:19:20,279 INFO [main] c.n.c.MapperTests [StartupInfoLogger.java:51] Starting MapperTests using Java 17.0.9 with PID 14508 (started by lenovo in D:\JetBrains\IntelliJ IDEA 2022.1.4\workspace\community)
2023-11-27 21:19:20,285 INFO [main] c.n.c.MapperTests [SpringApplication.java:638] No active profile set, falling back to 1 default profile: "default"
2023-11-27 21:19:23,304 INFO [main] o.s.b.a.w.s.WelcomePageHandlerMapping [WelcomePageHandlerMapping.java:59] Adding welcome page template: index
2023-11-27 21:19:23,613 INFO [main] c.n.c.MapperTests [StartupInfoLogger.java:57] Started MapperTests in 4.19 seconds (process running for 5.523)
2023-11-27 21:19:25,259 INFO [main] c.z.h.HikariDataSource [HikariDataSource.java:110] HikariPool-1 - Starting...
2023-11-27 21:19:25,564 INFO [main] c.z.h.p.HikariPool [HikariPool.java:565] HikariPool-1 - Added connection com.mysql.cj.jdbc.ConnectionImpl@1b4ba615
2023-11-27 21:19:25,567 INFO [main] c.z.h.HikariDataSource [HikariDataSource.java:123] HikariPool-1 - Start completed.
2023-11-27 21:19:25,685 INFO [SpringApplicationShutdownHook] c.z.h.HikariDataSource [HikariDataSource.java:350] HikariPool-1 - Shutdown initiated...
2023-11-27 21:19:25,701 INFO [SpringApplicationShutdownHook] c.z.h.HikariDataSource [HikariDataSource.java:352] HikariPool-1 - Shutdown completed.
2023-11-27 21:19:43,827 INFO [main] c.n.c.MapperTests [StartupInfoLogger.java:51] Starting MapperTests using Java 17.0.9 with PID 14580 (started by lenovo in D:\JetBrains\IntelliJ IDEA 2022.1.4\workspace\community)
2023-11-27 21:19:43,829 INFO [main] c.n.c.MapperTests [SpringApplication.java:638] No active profile set, falling back to 1 default profile: "default"
2023-11-27 21:19:46,790 INFO [main] o.s.b.a.w.s.WelcomePageHandlerMapping [WelcomePageHandlerMapping.java:59] Adding welcome page template: index
2023-11-27 21:19:47,094 INFO [main] c.n.c.MapperTests [StartupInfoLogger.java:57] Started MapperTests in 4.205 seconds (process running for 5.692)
2023-11-27 21:19:48,968 INFO [main] c.z.h.HikariDataSource [HikariDataSource.java:110] HikariPool-1 - Starting...
2023-11-27 21:19:49,309 INFO [main] c.z.h.p.HikariPool [HikariPool.java:565] HikariPool-1 - Added connection com.mysql.cj.jdbc.ConnectionImpl@492c8137
2023-11-27 21:19:49,313 INFO [main] c.z.h.HikariDataSource [HikariDataSource.java:123] HikariPool-1 - Start completed.
2023-11-27 21:19:49,444 INFO [SpringApplicationShutdownHook] c.z.h.HikariDataSource [HikariDataSource.java:350] HikariPool-1 - Shutdown initiated...
2023-11-27 21:19:49,461 INFO [SpringApplicationShutdownHook] c.z.h.HikariDataSource [HikariDataSource.java:352] HikariPool-1 - Shutdown completed.
2023-11-27 21:23:10,409 INFO [main] c.n.c.MapperTests [StartupInfoLogger.java:51] Starting MapperTests using Java 17.0.9 with PID 10444 (started by lenovo in D:\JetBrains\IntelliJ IDEA 2022.1.4\workspace\community)
2023-11-27 21:23:10,412 INFO [main] c.n.c.MapperTests [SpringApplication.java:638] No active profile set, falling back to 1 default profile: "default"
2023-11-27 21:23:13,384 INFO [main] o.s.b.a.w.s.WelcomePageHandlerMapping [WelcomePageHandlerMapping.java:59] Adding welcome page template: index
2023-11-27 21:23:13,687 INFO [main] c.n.c.MapperTests [StartupInfoLogger.java:57] Started MapperTests in 4.165 seconds (process running for 5.513)
2023-11-27 21:23:15,192 INFO [main] c.z.h.HikariDataSource [HikariDataSource.java:110] HikariPool-1 - Starting...
2023-11-27 21:23:15,477 INFO [main] c.z.h.p.HikariPool [HikariPool.java:565] HikariPool-1 - Added connection com.mysql.cj.jdbc.ConnectionImpl@42dd7d82
2023-11-27 21:23:15,481 INFO [main] c.z.h.HikariDataSource [HikariDataSource.java:123] HikariPool-1 - Start completed.
2023-11-27 21:23:15,626 INFO [SpringApplicationShutdownHook] c.z.h.HikariDataSource [HikariDataSource.java:350] HikariPool-1 - Shutdown initiated...
2023-11-27 21:23:15,639 INFO [SpringApplicationShutdownHook] c.z.h.HikariDataSource [HikariDataSource.java:352] HikariPool-1 - Shutdown completed.
2023-11-27 21:25:17,681 INFO [main] c.n.c.MapperTests [StartupInfoLogger.java:51] Starting MapperTests using Java 17.0.9 with PID 15328 (started by lenovo in D:\JetBrains\IntelliJ IDEA 2022.1.4\workspace\community)
2023-11-27 21:25:17,686 INFO [main] c.n.c.MapperTests [SpringApplication.java:638] No active profile set, falling back to 1 default profile: "default"
2023-11-27 21:25:20,331 INFO [main] o.s.b.a.w.s.WelcomePageHandlerMapping [WelcomePageHandlerMapping.java:59] Adding welcome page template: index
2023-11-27 21:25:20,666 INFO [main] c.n.c.MapperTests [StartupInfoLogger.java:57] Started MapperTests in 3.832 seconds (process running for 5.242)
2023-11-27 21:25:22,381 INFO [main] c.z.h.HikariDataSource [HikariDataSource.java:110] HikariPool-1 - Starting...
2023-11-27 21:25:22,685 INFO [main] c.z.h.p.HikariPool [HikariPool.java:565] HikariPool-1 - Added connection com.mysql.cj.jdbc.ConnectionImpl@2a65e237
2023-11-27 21:25:22,688 INFO [main] c.z.h.HikariDataSource [HikariDataSource.java:123] HikariPool-1 - Start completed.
2023-11-27 21:25:22,847 INFO [SpringApplicationShutdownHook] c.z.h.HikariDataSource [HikariDataSource.java:350] HikariPool-1 - Shutdown initiated...
2023-11-27 21:25:22,857 INFO [SpringApplicationShutdownHook] c.z.h.HikariDataSource [HikariDataSource.java:352] HikariPool-1 - Shutdown completed.
2023-11-27 21:25:52,716 INFO [main] c.n.c.MapperTests [StartupInfoLogger.java:51] Starting MapperTests using Java 17.0.9 with PID 19776 (started by lenovo in D:\JetBrains\IntelliJ IDEA 2022.1.4\workspace\community)
2023-11-27 21:25:52,723 INFO [main] c.n.c.MapperTests [SpringApplication.java:638] No active profile set, falling back to 1 default profile: "default"
2023-11-27 21:25:55,517 INFO [main] o.s.b.a.w.s.WelcomePageHandlerMapping [WelcomePageHandlerMapping.java:59] Adding welcome page template: index
2023-11-27 21:25:56,006 INFO [main] c.n.c.MapperTests [StartupInfoLogger.java:57] Started MapperTests in 4.14 seconds (process running for 5.568)
2023-11-27 21:25:57,923 INFO [main] c.z.h.HikariDataSource [HikariDataSource.java:110] HikariPool-1 - Starting...
2023-11-27 21:25:58,313 INFO [main] c.z.h.p.HikariPool [HikariPool.java:565] HikariPool-1 - Added connection com.mysql.cj.jdbc.ConnectionImpl@4a7db5a
2023-11-27 21:25:58,316 INFO [main] c.z.h.HikariDataSource [HikariDataSource.java:123] HikariPool-1 - Start completed.
2023-11-27 21:25:58,396 INFO [SpringApplicationShutdownHook] c.z.h.HikariDataSource [HikariDataSource.java:350] HikariPool-1 - Shutdown initiated...
2023-11-27 21:25:58,409 INFO [SpringApplicationShutdownHook] c.z.h.HikariDataSource [HikariDataSource.java:352] HikariPool-1 - Shutdown completed.
